{"/home/travis/build/npmtest/node-npmtest-draft-js/test.js":{"path":"/home/travis/build/npmtest/node-npmtest-draft-js/test.js","s":{"1":2,"2":2,"3":2,"4":2,"5":2,"6":2,"7":2,"8":1,"9":2,"10":2,"11":1,"12":1,"13":1,"14":1,"15":2,"16":2,"17":2,"18":2,"19":1,"20":1,"21":2,"22":2,"23":2,"24":1,"25":1,"26":1,"27":1,"28":1,"29":1,"30":1,"31":1,"32":1,"33":1,"34":1,"35":1,"36":1,"37":1,"38":1,"39":2,"40":2,"41":1,"42":2,"43":2,"44":1,"45":2,"46":2,"47":1,"48":2,"49":2,"50":1,"51":1,"52":1,"53":1,"54":1},"b":{"1":[2,1,1,1],"2":[1,1,1,1],"3":[1,1],"4":[1,1],"5":[1,1],"6":[1,1],"7":[1,1],"8":[1,1],"9":[1,1],"10":[1,1,1],"11":[1,1],"12":[1,1],"13":[1,1],"14":[1,1],"15":[1,1],"16":[1,1],"17":[1,1]},"f":{"1":2,"2":2,"3":2,"4":2,"5":2,"6":1,"7":1,"8":1,"9":2,"10":2,"11":2,"12":2,"13":1},"fnMap":{"1":{"name":"(anonymous_1)","line":12,"loc":{"start":{"line":12,"column":1},"end":{"line":12,"column":13}}},"2":{"name":"(anonymous_2)","line":19,"loc":{"start":{"line":19,"column":5},"end":{"line":19,"column":17}}},"3":{"name":"(anonymous_3)","line":23,"loc":{"start":{"line":23,"column":24},"end":{"line":23,"column":36}}},"4":{"name":"(anonymous_4)","line":61,"loc":{"start":{"line":61,"column":5},"end":{"line":61,"column":17}}},"5":{"name":"(anonymous_5)","line":82,"loc":{"start":{"line":82,"column":5},"end":{"line":82,"column":17}}},"6":{"name":"(anonymous_6)","line":91,"loc":{"start":{"line":91,"column":77},"end":{"line":94,"column":10}}},"7":{"name":"(anonymous_7)","line":112,"loc":{"start":{"line":112,"column":83},"end":{"line":115,"column":10}},"skip":true},"8":{"name":"(anonymous_8)","line":123,"loc":{"start":{"line":123,"column":77},"end":{"line":126,"column":10}},"skip":true},"9":{"name":"(anonymous_9)","line":139,"loc":{"start":{"line":139,"column":12},"end":{"line":139,"column":40}},"skip":true},"10":{"name":"(anonymous_10)","line":147,"loc":{"start":{"line":147,"column":77},"end":{"line":150,"column":10}},"skip":true},"11":{"name":"(anonymous_11)","line":158,"loc":{"start":{"line":158,"column":83},"end":{"line":161,"column":10}},"skip":true},"12":{"name":"(anonymous_12)","line":169,"loc":{"start":{"line":169,"column":79},"end":{"line":172,"column":10}},"skip":true},"13":{"name":"(anonymous_13)","line":180,"loc":{"start":{"line":180,"column":75},"end":{"line":183,"column":10}},"skip":true}},"statementMap":{"1":{"start":{"line":12,"column":0},"end":{"line":195,"column":5}},"2":{"start":{"line":14,"column":4},"end":{"line":14,"column":14}},"3":{"start":{"line":19,"column":4},"end":{"line":56,"column":9}},"4":{"start":{"line":21,"column":8},"end":{"line":21,"column":19}},"5":{"start":{"line":23,"column":8},"end":{"line":35,"column":13}},"6":{"start":{"line":24,"column":12},"end":{"line":34,"column":13}},"7":{"start":{"line":25,"column":16},"end":{"line":28,"column":30}},"8":{"start":{"line":30,"column":16},"end":{"line":33,"column":27}},"9":{"start":{"line":37,"column":8},"end":{"line":39,"column":21}},"10":{"start":{"line":40,"column":8},"end":{"line":53,"column":9}},"11":{"start":{"line":43,"column":12},"end":{"line":46,"column":14}},"12":{"start":{"line":47,"column":12},"end":{"line":47,"column":18}},"13":{"start":{"line":50,"column":12},"end":{"line":51,"column":46}},"14":{"start":{"line":52,"column":12},"end":{"line":52,"column":18}},"15":{"start":{"line":55,"column":8},"end":{"line":55,"column":35}},"16":{"start":{"line":61,"column":4},"end":{"line":63,"column":9}},"17":{"start":{"line":62,"column":8},"end":{"line":62,"column":15}},"18":{"start":{"line":64,"column":4},"end":{"line":77,"column":5}},"19":{"start":{"line":70,"column":8},"end":{"line":70,"column":14}},"20":{"start":{"line":76,"column":8},"end":{"line":76,"column":14}},"21":{"start":{"line":82,"column":4},"end":{"line":84,"column":9}},"22":{"start":{"line":83,"column":8},"end":{"line":83,"column":15}},"23":{"start":{"line":85,"column":4},"end":{"line":194,"column":5}},"24":{"start":{"line":91,"column":8},"end":{"line":99,"column":10}},"25":{"start":{"line":98,"column":12},"end":{"line":98,"column":35}},"26":{"start":{"line":102,"column":8},"end":{"line":104,"column":63}},"27":{"start":{"line":105,"column":8},"end":{"line":105,"column":14}},"28":{"start":{"line":112,"column":8},"end":{"line":121,"column":10},"skip":true},"29":{"start":{"line":119,"column":12},"end":{"line":119,"column":55},"skip":true},"30":{"start":{"line":120,"column":12},"end":{"line":120,"column":48},"skip":true},"31":{"start":{"line":123,"column":8},"end":{"line":136,"column":10},"skip":true},"32":{"start":{"line":130,"column":12},"end":{"line":130,"column":76},"skip":true},"33":{"start":{"line":131,"column":12},"end":{"line":131,"column":73},"skip":true},"34":{"start":{"line":132,"column":12},"end":{"line":132,"column":74},"skip":true},"35":{"start":{"line":133,"column":12},"end":{"line":133,"column":79},"skip":true},"36":{"start":{"line":134,"column":12},"end":{"line":134,"column":25},"skip":true},"37":{"start":{"line":135,"column":12},"end":{"line":135,"column":45},"skip":true},"38":{"start":{"line":138,"column":8},"end":{"line":145,"column":14},"skip":true},"39":{"start":{"line":143,"column":16},"end":{"line":143,"column":29},"skip":true},"40":{"start":{"line":144,"column":16},"end":{"line":144,"column":55},"skip":true},"41":{"start":{"line":147,"column":8},"end":{"line":156,"column":10},"skip":true},"42":{"start":{"line":154,"column":12},"end":{"line":154,"column":25},"skip":true},"43":{"start":{"line":155,"column":12},"end":{"line":155,"column":45},"skip":true},"44":{"start":{"line":158,"column":8},"end":{"line":167,"column":10},"skip":true},"45":{"start":{"line":165,"column":12},"end":{"line":165,"column":25},"skip":true},"46":{"start":{"line":166,"column":12},"end":{"line":166,"column":48},"skip":true},"47":{"start":{"line":169,"column":8},"end":{"line":178,"column":10},"skip":true},"48":{"start":{"line":176,"column":12},"end":{"line":176,"column":25},"skip":true},"49":{"start":{"line":177,"column":12},"end":{"line":177,"column":46},"skip":true},"50":{"start":{"line":180,"column":8},"end":{"line":189,"column":10},"skip":true},"51":{"start":{"line":187,"column":12},"end":{"line":187,"column":94},"skip":true},"52":{"start":{"line":188,"column":12},"end":{"line":188,"column":48},"skip":true},"53":{"start":{"line":192,"column":8},"end":{"line":192,"column":35},"skip":true},"54":{"start":{"line":193,"column":8},"end":{"line":193,"column":14},"skip":true}},"branchMap":{"1":{"line":25,"type":"binary-expr","locations":[{"start":{"line":25,"column":23},"end":{"line":25,"column":62}},{"start":{"line":26,"column":20},"end":{"line":26,"column":70}},{"start":{"line":27,"column":20},"end":{"line":27,"column":71}},{"start":{"line":28,"column":20},"end":{"line":28,"column":29}}]},"2":{"line":30,"type":"binary-expr","locations":[{"start":{"line":30,"column":23},"end":{"line":30,"column":37}},{"start":{"line":31,"column":20},"end":{"line":31,"column":61}},{"start":{"line":32,"column":20},"end":{"line":32,"column":70}},{"start":{"line":33,"column":20},"end":{"line":33,"column":26}}]},"3":{"line":37,"type":"cond-expr","locations":[{"start":{"line":38,"column":14},"end":{"line":38,"column":20}},{"start":{"line":39,"column":14},"end":{"line":39,"column":20}}]},"4":{"line":40,"type":"switch","locations":[{"start":{"line":42,"column":8},"end":{"line":47,"column":18}},{"start":{"line":49,"column":8},"end":{"line":52,"column":18}}]},"5":{"line":44,"type":"binary-expr","locations":[{"start":{"line":44,"column":16},"end":{"line":44,"column":44}},{"start":{"line":44,"column":48},"end":{"line":44,"column":66}}]},"6":{"line":50,"type":"binary-expr","locations":[{"start":{"line":50,"column":21},"end":{"line":50,"column":49}},{"start":{"line":50,"column":53},"end":{"line":50,"column":72}}]},"7":{"line":64,"type":"switch","locations":[{"start":{"line":69,"column":4},"end":{"line":70,"column":14}},{"start":{"line":75,"column":4},"end":{"line":76,"column":14}}]},"8":{"line":85,"type":"switch","locations":[{"start":{"line":90,"column":4},"end":{"line":105,"column":14}},{"start":{"line":111,"column":4},"end":{"line":193,"column":14},"skip":true}]},"9":{"line":91,"type":"binary-expr","locations":[{"start":{"line":91,"column":42},"end":{"line":91,"column":73}},{"start":{"line":91,"column":77},"end":{"line":99,"column":9}}]},"10":{"line":102,"type":"binary-expr","locations":[{"start":{"line":102,"column":18},"end":{"line":102,"column":32}},{"start":{"line":103,"column":12},"end":{"line":103,"column":53}},{"start":{"line":104,"column":12},"end":{"line":104,"column":61}}]},"11":{"line":112,"type":"binary-expr","locations":[{"start":{"line":112,"column":45},"end":{"line":112,"column":79},"skip":true},{"start":{"line":112,"column":83},"end":{"line":121,"column":9},"skip":true}]},"12":{"line":123,"type":"binary-expr","locations":[{"start":{"line":123,"column":42},"end":{"line":123,"column":73},"skip":true},{"start":{"line":123,"column":77},"end":{"line":136,"column":9},"skip":true}]},"13":{"line":138,"type":"binary-expr","locations":[{"start":{"line":138,"column":48},"end":{"line":138,"column":85},"skip":true},{"start":{"line":139,"column":12},"end":{"line":145,"column":13},"skip":true}]},"14":{"line":147,"type":"binary-expr","locations":[{"start":{"line":147,"column":42},"end":{"line":147,"column":73},"skip":true},{"start":{"line":147,"column":77},"end":{"line":156,"column":9},"skip":true}]},"15":{"line":158,"type":"binary-expr","locations":[{"start":{"line":158,"column":45},"end":{"line":158,"column":79},"skip":true},{"start":{"line":158,"column":83},"end":{"line":167,"column":9},"skip":true}]},"16":{"line":169,"type":"binary-expr","locations":[{"start":{"line":169,"column":43},"end":{"line":169,"column":75},"skip":true},{"start":{"line":169,"column":79},"end":{"line":178,"column":9},"skip":true}]},"17":{"line":180,"type":"binary-expr","locations":[{"start":{"line":180,"column":41},"end":{"line":180,"column":71},"skip":true},{"start":{"line":180,"column":75},"end":{"line":189,"column":9},"skip":true}]}},"code":["/* istanbul instrument in package npmtest_draft_js */","/*jslint","    bitwise: true,","    browser: true,","    maxerr: 8,","    maxlen: 96,","    node: true,","    nomen: true,","    regexp: true,","    stupid: true","*/","(function () {","    'use strict';","    var local;","","","","    // run shared js-env code - pre-init","    (function () {","        // init local","        local = {};","        // init modeJs","        local.modeJs = (function () {","            try {","                return typeof navigator.userAgent === 'string' &&","                    typeof document.querySelector('body') === 'object' &&","                    typeof XMLHttpRequest.prototype.open === 'function' &&","                    'browser';","            } catch (errorCaughtBrowser) {","                return module.exports &&","                    typeof process.versions.node === 'string' &&","                    typeof require('http').createServer === 'function' &&","                    'node';","            }","        }());","        // init global","        local.global = local.modeJs === 'browser'","            ? window","            : global;","        switch (local.modeJs) {","        // re-init local from window.local","        case 'browser':","            local = local.global.utility2.objectSetDefault(","                local.global.utility2_rollup || local.global.local,","                local.global.utility2","            );","            break;","        // re-init local from example.js","        case 'node':","            local = (local.global.utility2_rollup || require('utility2'))","                .requireExampleJsFromReadme();","            break;","        }","        // export local","        local.global.local = local;","    }());","","","","    // run shared js-env code - function","    (function () {","        return;","    }());","    switch (local.modeJs) {","","","","    // run browser js-env code - function","    case 'browser':","        break;","","","","    // run node js-env code - function","    case 'node':","        break;","    }","","","","    // run shared js-env code - post-init","    (function () {","        return;","    }());","    switch (local.modeJs) {","","","","    // run browser js-env code - post-init","    case 'browser':","        local.testCase_browser_nullCase = local.testCase_browser_nullCase || function (","            options,","            onError","        ) {","        /*","         * this function will test browsers's null-case handling-behavior-behavior","         */","            onError(null, options);","        };","","        // run tests","        local.nop(local.modeTest &&","            document.querySelector('#testRunButton1') &&","            document.querySelector('#testRunButton1').click());","        break;","","","","    // run node js-env code - post-init","    /* istanbul ignore next */","    case 'node':","        local.testCase_buildApidoc_default = local.testCase_buildApidoc_default || function (","            options,","            onError","        ) {","        /*","         * this function will test buildApidoc's default handling-behavior-behavior","         */","            options = { modulePathList: module.paths };","            local.buildApidoc(options, onError);","        };","","        local.testCase_buildApp_default = local.testCase_buildApp_default || function (","            options,","            onError","        ) {","        /*","         * this function will test buildApp's default handling-behavior-behavior","         */","            local.testCase_buildReadme_default(options, local.onErrorThrow);","            local.testCase_buildLib_default(options, local.onErrorThrow);","            local.testCase_buildTest_default(options, local.onErrorThrow);","            local.testCase_buildCustomOrg_default(options, local.onErrorThrow);","            options = [];","            local.buildApp(options, onError);","        };","","        local.testCase_buildCustomOrg_default = local.testCase_buildCustomOrg_default ||","            function (options, onError) {","            /*","             * this function will test buildCustomOrg's default handling-behavior","             */","                options = {};","                local.buildCustomOrg(options, onError);","            };","","        local.testCase_buildLib_default = local.testCase_buildLib_default || function (","            options,","            onError","        ) {","        /*","         * this function will test buildLib's default handling-behavior","         */","            options = {};","            local.buildLib(options, onError);","        };","","        local.testCase_buildReadme_default = local.testCase_buildReadme_default || function (","            options,","            onError","        ) {","        /*","         * this function will test buildReadme's default handling-behavior-behavior","         */","            options = {};","            local.buildReadme(options, onError);","        };","","        local.testCase_buildTest_default = local.testCase_buildTest_default || function (","            options,","            onError","        ) {","        /*","         * this function will test buildTest's default handling-behavior","         */","            options = {};","            local.buildTest(options, onError);","        };","","        local.testCase_webpage_default = local.testCase_webpage_default || function (","            options,","            onError","        ) {","        /*","         * this function will test webpage's default handling-behavior","         */","            options = { modeCoverageMerge: true, url: local.serverLocalHost + '?modeTest=1' };","            local.browserTest(options, onError);","        };","","        // run test-server","        local.testRunServer(local);","        break;","    }","}());",""],"l":{"12":2,"14":2,"19":2,"21":2,"23":2,"24":2,"25":2,"30":1,"37":2,"40":2,"43":1,"47":1,"50":1,"52":1,"55":2,"61":2,"62":2,"64":2,"70":1,"76":1,"82":2,"83":2,"85":2,"91":1,"98":1,"102":1,"105":1,"112":1,"119":1,"120":1,"123":1,"130":1,"131":1,"132":1,"133":1,"134":1,"135":1,"138":1,"143":2,"144":2,"147":1,"154":2,"155":2,"158":1,"165":2,"166":2,"169":1,"176":2,"177":2,"180":1,"187":1,"188":1,"192":1,"193":1}},"/home/travis/build/npmtest/node-npmtest-draft-js/lib.npmtest_draft_js.js":{"path":"/home/travis/build/npmtest/node-npmtest-draft-js/lib.npmtest_draft_js.js","s":{"1":2,"2":2,"3":2,"4":2,"5":2,"6":2,"7":2,"8":1,"9":2,"10":2,"11":2,"12":2,"13":1,"14":1,"15":1,"16":1},"b":{"1":[2,1,1,1],"2":[1,1,1,1],"3":[1,1],"4":[2,2],"5":[1,1]},"f":{"1":2,"2":2,"3":2},"fnMap":{"1":{"name":"(anonymous_1)","line":12,"loc":{"start":{"line":12,"column":1},"end":{"line":12,"column":13}}},"2":{"name":"(anonymous_2)","line":19,"loc":{"start":{"line":19,"column":5},"end":{"line":19,"column":17}}},"3":{"name":"(anonymous_3)","line":23,"loc":{"start":{"line":23,"column":24},"end":{"line":23,"column":36}}}},"statementMap":{"1":{"start":{"line":12,"column":0},"end":{"line":53,"column":5}},"2":{"start":{"line":14,"column":4},"end":{"line":14,"column":14}},"3":{"start":{"line":19,"column":4},"end":{"line":52,"column":9}},"4":{"start":{"line":21,"column":8},"end":{"line":21,"column":19}},"5":{"start":{"line":23,"column":8},"end":{"line":35,"column":13}},"6":{"start":{"line":24,"column":12},"end":{"line":34,"column":13}},"7":{"start":{"line":25,"column":16},"end":{"line":28,"column":30}},"8":{"start":{"line":30,"column":16},"end":{"line":33,"column":27}},"9":{"start":{"line":37,"column":8},"end":{"line":39,"column":21}},"10":{"start":{"line":41,"column":8},"end":{"line":41,"column":54}},"11":{"start":{"line":43,"column":8},"end":{"line":43,"column":53}},"12":{"start":{"line":45,"column":8},"end":{"line":51,"column":9}},"13":{"start":{"line":46,"column":12},"end":{"line":46,"column":59}},"14":{"start":{"line":48,"column":12},"end":{"line":48,"column":35}},"15":{"start":{"line":49,"column":12},"end":{"line":49,"column":49}},"16":{"start":{"line":50,"column":12},"end":{"line":50,"column":43}}},"branchMap":{"1":{"line":25,"type":"binary-expr","locations":[{"start":{"line":25,"column":23},"end":{"line":25,"column":62}},{"start":{"line":26,"column":20},"end":{"line":26,"column":70}},{"start":{"line":27,"column":20},"end":{"line":27,"column":71}},{"start":{"line":28,"column":20},"end":{"line":28,"column":29}}]},"2":{"line":30,"type":"binary-expr","locations":[{"start":{"line":30,"column":23},"end":{"line":30,"column":37}},{"start":{"line":31,"column":20},"end":{"line":31,"column":61}},{"start":{"line":32,"column":20},"end":{"line":32,"column":70}},{"start":{"line":33,"column":20},"end":{"line":33,"column":26}}]},"3":{"line":37,"type":"cond-expr","locations":[{"start":{"line":38,"column":14},"end":{"line":38,"column":20}},{"start":{"line":39,"column":14},"end":{"line":39,"column":20}}]},"4":{"line":41,"type":"binary-expr","locations":[{"start":{"line":41,"column":16},"end":{"line":41,"column":44}},{"start":{"line":41,"column":48},"end":{"line":41,"column":53}}]},"5":{"line":45,"type":"if","locations":[{"start":{"line":45,"column":8},"end":{"line":45,"column":8}},{"start":{"line":45,"column":8},"end":{"line":45,"column":8}}]}},"code":["/* istanbul instrument in package npmtest_draft_js */","/*jslint","    bitwise: true,","    browser: true,","    maxerr: 8,","    maxlen: 96,","    node: true,","    nomen: true,","    regexp: true,","    stupid: true","*/","(function () {","    'use strict';","    var local;","","","","    // run shared js-env code - pre-init","    (function () {","        // init local","        local = {};","        // init modeJs","        local.modeJs = (function () {","            try {","                return typeof navigator.userAgent === 'string' &&","                    typeof document.querySelector('body') === 'object' &&","                    typeof XMLHttpRequest.prototype.open === 'function' &&","                    'browser';","            } catch (errorCaughtBrowser) {","                return module.exports &&","                    typeof process.versions.node === 'string' &&","                    typeof require('http').createServer === 'function' &&","                    'node';","            }","        }());","        // init global","        local.global = local.modeJs === 'browser'","            ? window","            : global;","        // init utility2_rollup","        local = local.global.utility2_rollup || local;","        // init lib","        local.local = local.npmtest_draft_js = local;","        // init exports","        if (local.modeJs === 'browser') {","            local.global.utility2_npmtest_draft_js = local;","        } else {","            module.exports = local;","            module.exports.__dirname = __dirname;","            module.exports.module = module;","        }","    }());","}());",""],"l":{"12":2,"14":2,"19":2,"21":2,"23":2,"24":2,"25":2,"30":1,"37":2,"41":2,"43":2,"45":2,"46":1,"48":1,"49":1,"50":1}},"/home/travis/build/npmtest/node-npmtest-draft-js/example.js":{"path":"/home/travis/build/npmtest/node-npmtest-draft-js/example.js","s":{"1":2,"2":2,"3":2,"4":2,"5":2,"6":2,"7":2,"8":1,"9":2,"10":2,"11":2,"12":2,"13":1,"14":2,"15":2,"16":2,"17":2,"18":2,"19":0,"20":2,"21":1,"22":1,"23":1,"24":1,"25":1,"26":0,"27":0,"28":1,"29":1,"30":2,"31":0,"32":0,"33":0,"34":1,"35":2,"36":2,"37":3,"38":3,"39":3,"40":3,"41":0,"42":3,"43":3,"44":3,"45":1,"46":3,"47":1,"48":1,"49":1,"50":1,"51":1,"52":1,"53":1,"54":1,"55":1,"56":1,"57":0,"58":1,"59":6,"60":6,"61":1,"62":2,"63":0,"64":2,"65":1,"66":1,"67":0,"68":0,"69":0,"70":0,"71":0,"72":0,"73":0,"74":0,"75":0,"76":0,"77":0,"78":0,"79":0,"80":0,"81":0,"82":0,"83":0},"b":{"1":[2,1,1,1],"2":[1,1,1,1],"3":[1,1],"4":[2,2],"5":[1,1],"6":[1,1],"7":[2,0],"8":[2,1,1,1,1,1],"9":[0,2,0],"10":[1,1],"11":[2,1,1],"12":[1,0],"13":[0,2],"14":[2,0,0,0,0,0,0],"15":[0,3],"16":[3,0],"17":[1,1],"18":[0,1],"19":[1,2,0,2],"20":[1,0],"21":[1,1],"22":[0,0],"23":[0,0],"24":[0,0],"25":[0,0],"26":[0,0],"27":[0,0],"28":[0,0]},"f":{"1":2,"2":2,"3":2,"4":2,"5":2,"6":2,"7":3,"8":3,"9":3,"10":1,"11":6,"12":0},"fnMap":{"1":{"name":"(anonymous_1)","line":26,"loc":{"start":{"line":26,"column":1},"end":{"line":26,"column":13}}},"2":{"name":"(anonymous_2)","line":33,"loc":{"start":{"line":33,"column":5},"end":{"line":33,"column":17}}},"3":{"name":"(anonymous_3)","line":37,"loc":{"start":{"line":37,"column":24},"end":{"line":37,"column":36}}},"4":{"name":"(anonymous_4)","line":69,"loc":{"start":{"line":69,"column":31},"end":{"line":69,"column":48}},"skip":true},"5":{"name":"(anonymous_5)","line":78,"loc":{"start":{"line":78,"column":26},"end":{"line":78,"column":45}},"skip":true},"6":{"name":"(anonymous_6)","line":123,"loc":{"start":{"line":123,"column":33},"end":{"line":123,"column":48}},"skip":true},"7":{"name":"(anonymous_7)","line":125,"loc":{"start":{"line":125,"column":27},"end":{"line":125,"column":39}},"skip":true},"8":{"name":"(anonymous_8)","line":133,"loc":{"start":{"line":133,"column":59},"end":{"line":133,"column":74}},"skip":true},"9":{"name":"(anonymous_9)","line":143,"loc":{"start":{"line":143,"column":45},"end":{"line":143,"column":62}},"skip":true},"10":{"name":"(anonymous_10)","line":144,"loc":{"start":{"line":144,"column":73},"end":{"line":144,"column":92}},"skip":true},"11":{"name":"(anonymous_11)","line":272,"loc":{"start":{"line":272,"column":51},"end":{"line":272,"column":77}},"skip":true},"12":{"name":"(anonymous_12)","line":315,"loc":{"start":{"line":315,"column":32},"end":{"line":315,"column":61}},"skip":true}},"statementMap":{"1":{"start":{"line":26,"column":0},"end":{"line":326,"column":5}},"2":{"start":{"line":28,"column":4},"end":{"line":28,"column":14}},"3":{"start":{"line":33,"column":4},"end":{"line":60,"column":9}},"4":{"start":{"line":35,"column":8},"end":{"line":35,"column":19}},"5":{"start":{"line":37,"column":8},"end":{"line":49,"column":13}},"6":{"start":{"line":38,"column":12},"end":{"line":48,"column":13}},"7":{"start":{"line":39,"column":16},"end":{"line":42,"column":30}},"8":{"start":{"line":44,"column":16},"end":{"line":47,"column":27}},"9":{"start":{"line":51,"column":8},"end":{"line":53,"column":21}},"10":{"start":{"line":55,"column":8},"end":{"line":57,"column":45}},"11":{"start":{"line":59,"column":8},"end":{"line":59,"column":35}},"12":{"start":{"line":61,"column":4},"end":{"line":325,"column":5}},"13":{"start":{"line":69,"column":8},"end":{"line":121,"column":10},"skip":true},"14":{"start":{"line":70,"column":12},"end":{"line":88,"column":13},"skip":true},"15":{"start":{"line":76,"column":16},"end":{"line":87,"column":19},"skip":true},"16":{"start":{"line":79,"column":20},"end":{"line":86,"column":21},"skip":true},"17":{"start":{"line":82,"column":24},"end":{"line":82,"column":43},"skip":true},"18":{"start":{"line":83,"column":24},"end":{"line":83,"column":30},"skip":true},"19":{"start":{"line":85,"column":24},"end":{"line":85,"column":49},"skip":true},"20":{"start":{"line":89,"column":12},"end":{"line":107,"column":13},"skip":true},"21":{"start":{"line":92,"column":16},"end":{"line":102,"column":17},"skip":true},"22":{"start":{"line":93,"column":20},"end":{"line":93,"column":86},"skip":true},"23":{"start":{"line":94,"column":20},"end":{"line":95,"column":45},"skip":true},"24":{"start":{"line":96,"column":20},"end":{"line":96,"column":42},"skip":true},"25":{"start":{"line":97,"column":20},"end":{"line":97,"column":48},"skip":true},"26":{"start":{"line":100,"column":20},"end":{"line":100,"column":85},"skip":true},"27":{"start":{"line":101,"column":20},"end":{"line":101,"column":96},"skip":true},"28":{"start":{"line":103,"column":16},"end":{"line":103,"column":22},"skip":true},"29":{"start":{"line":106,"column":16},"end":{"line":106,"column":22},"skip":true},"30":{"start":{"line":108,"column":12},"end":{"line":120,"column":13},"skip":true},"31":{"start":{"line":114,"column":16},"end":{"line":119,"column":17},"skip":true},"32":{"start":{"line":116,"column":20},"end":{"line":116,"column":78},"skip":true},"33":{"start":{"line":118,"column":20},"end":{"line":118,"column":47},"skip":true},"34":{"start":{"line":123,"column":8},"end":{"line":141,"column":11},"skip":true},"35":{"start":{"line":124,"column":12},"end":{"line":124,"column":54},"skip":true},"36":{"start":{"line":125,"column":12},"end":{"line":140,"column":14},"skip":true},"37":{"start":{"line":126,"column":16},"end":{"line":126,"column":28},"skip":true},"38":{"start":{"line":127,"column":16},"end":{"line":127,"column":69},"skip":true},"39":{"start":{"line":128,"column":16},"end":{"line":128,"column":75},"skip":true},"40":{"start":{"line":129,"column":16},"end":{"line":131,"column":17},"skip":true},"41":{"start":{"line":130,"column":20},"end":{"line":130,"column":27},"skip":true},"42":{"start":{"line":133,"column":16},"end":{"line":137,"column":36},"skip":true},"43":{"start":{"line":134,"column":20},"end":{"line":136,"column":55},"skip":true},"44":{"start":{"line":139,"column":16},"end":{"line":139,"column":57},"skip":true},"45":{"start":{"line":143,"column":8},"end":{"line":147,"column":11},"skip":true},"46":{"start":{"line":144,"column":12},"end":{"line":146,"column":15},"skip":true},"47":{"start":{"line":145,"column":16},"end":{"line":145,"column":70},"skip":true},"48":{"start":{"line":149,"column":8},"end":{"line":149,"column":31},"skip":true},"49":{"start":{"line":150,"column":8},"end":{"line":150,"column":14},"skip":true},"50":{"start":{"line":158,"column":8},"end":{"line":158,"column":31},"skip":true},"51":{"start":{"line":160,"column":8},"end":{"line":160,"column":33},"skip":true},"52":{"start":{"line":161,"column":8},"end":{"line":161,"column":37},"skip":true},"53":{"start":{"line":162,"column":8},"end":{"line":162,"column":35},"skip":true},"54":{"start":{"line":164,"column":8},"end":{"line":164,"column":50},"skip":true},"55":{"start":{"line":166,"column":8},"end":{"line":256,"column":2},"skip":true},"56":{"start":{"line":258,"column":8},"end":{"line":286,"column":9},"skip":true},"57":{"start":{"line":259,"column":12},"end":{"line":269,"column":14},"skip":true},"58":{"start":{"line":271,"column":12},"end":{"line":285,"column":19},"skip":true},"59":{"start":{"line":274,"column":20},"end":{"line":274,"column":35},"skip":true},"60":{"start":{"line":275,"column":20},"end":{"line":284,"column":21},"skip":true},"61":{"start":{"line":277,"column":24},"end":{"line":277,"column":64},"skip":true},"62":{"start":{"line":279,"column":24},"end":{"line":279,"column":40},"skip":true},"63":{"start":{"line":281,"column":24},"end":{"line":281,"column":40},"skip":true},"64":{"start":{"line":283,"column":24},"end":{"line":283,"column":39},"skip":true},"65":{"start":{"line":288,"column":8},"end":{"line":290,"column":9},"skip":true},"66":{"start":{"line":289,"column":12},"end":{"line":289,"column":18},"skip":true},"67":{"start":{"line":291,"column":8},"end":{"line":293,"column":54},"skip":true},"68":{"start":{"line":296,"column":8},"end":{"line":301,"column":37},"skip":true},"69":{"start":{"line":303,"column":8},"end":{"line":303,"column":82},"skip":true},"70":{"start":{"line":306,"column":8},"end":{"line":308,"column":9},"skip":true},"71":{"start":{"line":307,"column":12},"end":{"line":307,"column":82},"skip":true},"72":{"start":{"line":310,"column":8},"end":{"line":312,"column":9},"skip":true},"73":{"start":{"line":311,"column":12},"end":{"line":311,"column":18},"skip":true},"74":{"start":{"line":313,"column":8},"end":{"line":313,"column":54},"skip":true},"75":{"start":{"line":314,"column":8},"end":{"line":314,"column":69},"skip":true},"76":{"start":{"line":315,"column":8},"end":{"line":323,"column":36},"skip":true},"77":{"start":{"line":316,"column":12},"end":{"line":316,"column":61},"skip":true},"78":{"start":{"line":317,"column":12},"end":{"line":320,"column":13},"skip":true},"79":{"start":{"line":318,"column":16},"end":{"line":318,"column":75},"skip":true},"80":{"start":{"line":319,"column":16},"end":{"line":319,"column":23},"skip":true},"81":{"start":{"line":321,"column":12},"end":{"line":321,"column":38},"skip":true},"82":{"start":{"line":322,"column":12},"end":{"line":322,"column":27},"skip":true},"83":{"start":{"line":324,"column":8},"end":{"line":324,"column":14},"skip":true}},"branchMap":{"1":{"line":39,"type":"binary-expr","locations":[{"start":{"line":39,"column":23},"end":{"line":39,"column":62}},{"start":{"line":40,"column":20},"end":{"line":40,"column":70}},{"start":{"line":41,"column":20},"end":{"line":41,"column":71}},{"start":{"line":42,"column":20},"end":{"line":42,"column":29}}]},"2":{"line":44,"type":"binary-expr","locations":[{"start":{"line":44,"column":23},"end":{"line":44,"column":37}},{"start":{"line":45,"column":20},"end":{"line":45,"column":61}},{"start":{"line":46,"column":20},"end":{"line":46,"column":70}},{"start":{"line":47,"column":20},"end":{"line":47,"column":26}}]},"3":{"line":51,"type":"cond-expr","locations":[{"start":{"line":52,"column":14},"end":{"line":52,"column":20}},{"start":{"line":53,"column":14},"end":{"line":53,"column":20}}]},"4":{"line":55,"type":"binary-expr","locations":[{"start":{"line":55,"column":16},"end":{"line":55,"column":44}},{"start":{"line":55,"column":49},"end":{"line":57,"column":43}}]},"5":{"line":55,"type":"cond-expr","locations":[{"start":{"line":56,"column":14},"end":{"line":56,"column":52}},{"start":{"line":57,"column":14},"end":{"line":57,"column":43}}]},"6":{"line":61,"type":"switch","locations":[{"start":{"line":68,"column":4},"end":{"line":150,"column":14},"skip":true},{"start":{"line":156,"column":4},"end":{"line":324,"column":14},"skip":true}]},"7":{"line":70,"type":"if","locations":[{"start":{"line":70,"column":12},"end":{"line":70,"column":12},"skip":true},{"start":{"line":70,"column":12},"end":{"line":70,"column":12},"skip":true}]},"8":{"line":70,"type":"binary-expr","locations":[{"start":{"line":70,"column":16},"end":{"line":70,"column":22},"skip":true},{"start":{"line":70,"column":27},"end":{"line":70,"column":32},"skip":true},{"start":{"line":71,"column":20},"end":{"line":71,"column":39},"skip":true},{"start":{"line":72,"column":20},"end":{"line":72,"column":49},"skip":true},{"start":{"line":73,"column":20},"end":{"line":73,"column":58},"skip":true},{"start":{"line":74,"column":20},"end":{"line":74,"column":69},"skip":true}]},"9":{"line":79,"type":"switch","locations":[{"start":{"line":80,"column":20},"end":{"line":80,"column":33},"skip":true},{"start":{"line":81,"column":20},"end":{"line":83,"column":30},"skip":true},{"start":{"line":84,"column":20},"end":{"line":85,"column":49},"skip":true}]},"10":{"line":89,"type":"switch","locations":[{"start":{"line":90,"column":12},"end":{"line":103,"column":22},"skip":true},{"start":{"line":105,"column":12},"end":{"line":106,"column":22},"skip":true}]},"11":{"line":89,"type":"binary-expr","locations":[{"start":{"line":89,"column":20},"end":{"line":89,"column":25},"skip":true},{"start":{"line":89,"column":29},"end":{"line":89,"column":48},"skip":true},{"start":{"line":89,"column":52},"end":{"line":89,"column":74},"skip":true}]},"12":{"line":92,"type":"if","locations":[{"start":{"line":92,"column":16},"end":{"line":92,"column":16},"skip":true},{"start":{"line":92,"column":16},"end":{"line":92,"column":16},"skip":true}]},"13":{"line":108,"type":"if","locations":[{"start":{"line":108,"column":12},"end":{"line":108,"column":12},"skip":true},{"start":{"line":108,"column":12},"end":{"line":108,"column":12},"skip":true}]},"14":{"line":108,"type":"binary-expr","locations":[{"start":{"line":108,"column":16},"end":{"line":108,"column":61},"skip":true},{"start":{"line":108,"column":66},"end":{"line":108,"column":72},"skip":true},{"start":{"line":108,"column":77},"end":{"line":108,"column":82},"skip":true},{"start":{"line":109,"column":20},"end":{"line":109,"column":39},"skip":true},{"start":{"line":110,"column":20},"end":{"line":110,"column":49},"skip":true},{"start":{"line":111,"column":20},"end":{"line":111,"column":58},"skip":true},{"start":{"line":112,"column":20},"end":{"line":112,"column":68},"skip":true}]},"15":{"line":129,"type":"if","locations":[{"start":{"line":129,"column":16},"end":{"line":129,"column":16},"skip":true},{"start":{"line":129,"column":16},"end":{"line":129,"column":16},"skip":true}]},"16":{"line":134,"type":"cond-expr","locations":[{"start":{"line":135,"column":26},"end":{"line":135,"column":29},"skip":true},{"start":{"line":136,"column":26},"end":{"line":136,"column":54},"skip":true}]},"17":{"line":164,"type":"binary-expr","locations":[{"start":{"line":164,"column":27},"end":{"line":164,"column":43},"skip":true},{"start":{"line":164,"column":47},"end":{"line":164,"column":49},"skip":true}]},"18":{"line":258,"type":"if","locations":[{"start":{"line":258,"column":8},"end":{"line":258,"column":8},"skip":true},{"start":{"line":258,"column":8},"end":{"line":258,"column":8},"skip":true}]},"19":{"line":275,"type":"switch","locations":[{"start":{"line":276,"column":20},"end":{"line":277,"column":64},"skip":true},{"start":{"line":278,"column":20},"end":{"line":279,"column":40},"skip":true},{"start":{"line":280,"column":20},"end":{"line":281,"column":40},"skip":true},{"start":{"line":282,"column":20},"end":{"line":283,"column":39},"skip":true}]},"20":{"line":288,"type":"if","locations":[{"start":{"line":288,"column":8},"end":{"line":288,"column":8},"skip":true},{"start":{"line":288,"column":8},"end":{"line":288,"column":8},"skip":true}]},"21":{"line":288,"type":"binary-expr","locations":[{"start":{"line":288,"column":12},"end":{"line":288,"column":40},"skip":true},{"start":{"line":288,"column":44},"end":{"line":288,"column":67},"skip":true}]},"22":{"line":292,"type":"binary-expr","locations":[{"start":{"line":292,"column":12},"end":{"line":292,"column":50},"skip":true},{"start":{"line":293,"column":12},"end":{"line":293,"column":53},"skip":true}]},"23":{"line":297,"type":"binary-expr","locations":[{"start":{"line":297,"column":12},"end":{"line":297,"column":66},"skip":true},{"start":{"line":298,"column":12},"end":{"line":301,"column":36},"skip":true}]},"24":{"line":303,"type":"binary-expr","locations":[{"start":{"line":303,"column":43},"end":{"line":303,"column":75},"skip":true},{"start":{"line":303,"column":79},"end":{"line":303,"column":81},"skip":true}]},"25":{"line":306,"type":"if","locations":[{"start":{"line":306,"column":8},"end":{"line":306,"column":8},"skip":true},{"start":{"line":306,"column":8},"end":{"line":306,"column":8},"skip":true}]},"26":{"line":310,"type":"if","locations":[{"start":{"line":310,"column":8},"end":{"line":310,"column":8},"skip":true},{"start":{"line":310,"column":8},"end":{"line":310,"column":8},"skip":true}]},"27":{"line":313,"type":"binary-expr","locations":[{"start":{"line":313,"column":27},"end":{"line":313,"column":43},"skip":true},{"start":{"line":313,"column":47},"end":{"line":313,"column":53},"skip":true}]},"28":{"line":317,"type":"if","locations":[{"start":{"line":317,"column":12},"end":{"line":317,"column":12},"skip":true},{"start":{"line":317,"column":12},"end":{"line":317,"column":12},"skip":true}]}},"code":["/*","example.js","","quickstart example","","instruction","    1. save this script as example.js","    2. run the shell command:","        $ npm install npmtest-draft-js && PORT=8081 node example.js","    3. play with the browser-demo on http://127.0.0.1:8081","*/","","","","/* istanbul instrument in package npmtest_draft_js */","/*jslint","    bitwise: true,","    browser: true,","    maxerr: 8,","    maxlen: 96,","    node: true,","    nomen: true,","    regexp: true,","    stupid: true","*/","(function () {","    'use strict';","    var local;","","","","    // run shared js-env code - pre-init","    (function () {","        // init local","        local = {};","        // init modeJs","        local.modeJs = (function () {","            try {","                return typeof navigator.userAgent === 'string' &&","                    typeof document.querySelector('body') === 'object' &&","                    typeof XMLHttpRequest.prototype.open === 'function' &&","                    'browser';","            } catch (errorCaughtBrowser) {","                return module.exports &&","                    typeof process.versions.node === 'string' &&","                    typeof require('http').createServer === 'function' &&","                    'node';","            }","        }());","        // init global","        local.global = local.modeJs === 'browser'","            ? window","            : global;","        // init utility2_rollup","        local = local.global.utility2_rollup || (local.modeJs === 'browser'","            ? local.global.utility2_npmtest_draft_js","            : global.utility2_moduleExports);","        // export local","        local.global.local = local;","    }());","    switch (local.modeJs) {","","","","    // post-init","    // run browser js-env code - post-init","    /* istanbul ignore next */","    case 'browser':","        local.testRunBrowser = function (event) {","            if (!event || (event &&","                    event.currentTarget &&","                    event.currentTarget.className &&","                    event.currentTarget.className.includes &&","                    event.currentTarget.className.includes('onreset'))) {","                // reset output","                Array.from(","                    document.querySelectorAll('body > .resettable')","                ).forEach(function (element) {","                    switch (element.tagName) {","                    case 'INPUT':","                    case 'TEXTAREA':","                        element.value = '';","                        break;","                    default:","                        element.textContent = '';","                    }","                });","            }","            switch (event && event.currentTarget && event.currentTarget.id) {","            case 'testRunButton1':","                // show tests","                if (document.querySelector('#testReportDiv1').style.display === 'none') {","                    document.querySelector('#testReportDiv1').style.display = 'block';","                    document.querySelector('#testRunButton1').textContent =","                        'hide internal test';","                    local.modeTest = true;","                    local.testRunDefault(local);","                // hide tests","                } else {","                    document.querySelector('#testReportDiv1').style.display = 'none';","                    document.querySelector('#testRunButton1').textContent = 'run internal test';","                }","                break;","            // custom-case","            default:","                break;","            }","            if (document.querySelector('#inputTextareaEval1') && (!event || (event &&","                    event.currentTarget &&","                    event.currentTarget.className &&","                    event.currentTarget.className.includes &&","                    event.currentTarget.className.includes('oneval')))) {","                // try to eval input-code","                try {","                    /*jslint evil: true*/","                    eval(document.querySelector('#inputTextareaEval1').value);","                } catch (errorCaught) {","                    console.error(errorCaught);","                }","            }","        };","        // log stderr and stdout to #outputTextareaStdout1","        ['error', 'log'].forEach(function (key) {","            console[key + '_original'] = console[key];","            console[key] = function () {","                var element;","                console[key + '_original'].apply(console, arguments);","                element = document.querySelector('#outputTextareaStdout1');","                if (!element) {","                    return;","                }","                // append text to #outputTextareaStdout1","                element.value += Array.from(arguments).map(function (arg) {","                    return typeof arg === 'string'","                        ? arg","                        : JSON.stringify(arg, null, 4);","                }).join(' ') + '\\n';","                // scroll textarea to bottom","                element.scrollTop = element.scrollHeight;","            };","        });","        // init event-handling","        ['change', 'click', 'keyup'].forEach(function (event) {","            Array.from(document.querySelectorAll('.on' + event)).forEach(function (element) {","                element.addEventListener(event, local.testRunBrowser);","            });","        });","        // run tests","        local.testRunBrowser();","        break;","","","","    // run node js-env code - post-init","    /* istanbul ignore next */","    case 'node':","        // export local","        module.exports = local;","        // require modules","        local.fs = require('fs');","        local.http = require('http');","        local.url = require('url');","        // init assets","        local.assetsDict = local.assetsDict || {};","        /* jslint-ignore-begin */","        local.assetsDict['/assets.index.template.html'] = '\\","<!doctype html>\\n\\","<html lang=\"en\">\\n\\","<head>\\n\\","<meta charset=\"UTF-8\">\\n\\","<meta name=\"viewport\" content=\"width=device-width, initial-scale=1\">\\n\\","<title>{{env.npm_package_name}} (v{{env.npm_package_version}})</title>\\n\\","<style>\\n\\","/*csslint\\n\\","    box-sizing: false,\\n\\","    universal-selector: false\\n\\","*/\\n\\","* {\\n\\","    box-sizing: border-box;\\n\\","}\\n\\","body {\\n\\","    background: #dde;\\n\\","    font-family: Arial, Helvetica, sans-serif;\\n\\","    margin: 2rem;\\n\\","}\\n\\","body > * {\\n\\","    margin-bottom: 1rem;\\n\\","}\\n\\",".utility2FooterDiv {\\n\\","    margin-top: 20px;\\n\\","    text-align: center;\\n\\","}\\n\\","</style>\\n\\","<style>\\n\\","/*csslint\\n\\","*/\\n\\","textarea {\\n\\","    font-family: monospace;\\n\\","    height: 10rem;\\n\\","    width: 100%;\\n\\","}\\n\\","textarea[readonly] {\\n\\","    background: #ddd;\\n\\","}\\n\\","</style>\\n\\","</head>\\n\\","<body>\\n\\","<!-- utility2-comment\\n\\","<div id=\"ajaxProgressDiv1\" style=\"background: #d00; height: 2px; left: 0; margin: 0; padding: 0; position: fixed; top: 0; transition: background 0.5s, width 1.5s; width: 25%;\"></div>\\n\\","utility2-comment -->\\n\\","<h1>\\n\\","<!-- utility2-comment\\n\\","    <a\\n\\","        {{#if env.npm_package_homepage}}\\n\\","        href=\"{{env.npm_package_homepage}}\"\\n\\","        {{/if env.npm_package_homepage}}\\n\\","        target=\"_blank\"\\n\\","    >\\n\\","utility2-comment -->\\n\\","        {{env.npm_package_name}} (v{{env.npm_package_version}})\\n\\","<!-- utility2-comment\\n\\","    </a>\\n\\","utility2-comment -->\\n\\","</h1>\\n\\","<h3>{{env.npm_package_description}}</h3>\\n\\","<!-- utility2-comment\\n\\","<h4><a download href=\"assets.app.js\">download standalone app</a></h4>\\n\\","<button class=\"onclick onreset\" id=\"testRunButton1\">run internal test</button><br>\\n\\","<div id=\"testReportDiv1\" style=\"display: none;\"></div>\\n\\","utility2-comment -->\\n\\","\\n\\","\\n\\","\\n\\","<label>stderr and stdout</label>\\n\\","<textarea class=\"resettable\" id=\"outputTextareaStdout1\" readonly></textarea>\\n\\","<!-- utility2-comment\\n\\","{{#if isRollup}}\\n\\","<script src=\"assets.app.js\"></script>\\n\\","{{#unless isRollup}}\\n\\","utility2-comment -->\\n\\","<script src=\"assets.utility2.rollup.js\"></script>\\n\\","<script src=\"jsonp.utility2._stateInit?callback=window.utility2._stateInit\"></script>\\n\\","<script src=\"assets.npmtest_draft_js.rollup.js\"></script>\\n\\","<script src=\"assets.example.js\"></script>\\n\\","<script src=\"assets.test.js\"></script>\\n\\","<!-- utility2-comment\\n\\","{{/if isRollup}}\\n\\","utility2-comment -->\\n\\","<div class=\"utility2FooterDiv\">\\n\\","    [ this app was created with\\n\\","    <a href=\"https://github.com/kaizhu256/node-utility2\" target=\"_blank\">utility2</a>\\n\\","    ]\\n\\","</div>\\n\\","</body>\\n\\","</html>\\n\\","';","        /* jslint-ignore-end */","        if (local.templateRender) {","            local.assetsDict['/'] = local.templateRender(","                local.assetsDict['/assets.index.template.html'],","                {","                    env: local.objectSetDefault(local.env, {","                        npm_package_description: 'the greatest app in the world!',","                        npm_package_name: 'my-app',","                        npm_package_nameAlias: 'my_app',","                        npm_package_version: '0.0.1'","                    })","                }","            );","        } else {","            local.assetsDict['/'] = local.assetsDict['/assets.index.template.html']","                .replace((/\\{\\{env\\.(\\w+?)\\}\\}/g), function (match0, match1) {","                    // jslint-hack","                    String(match0);","                    switch (match1) {","                    case 'npm_package_description':","                        return 'the greatest app in the world!';","                    case 'npm_package_name':","                        return 'my-app';","                    case 'npm_package_nameAlias':","                        return 'my_app';","                    case 'npm_package_version':","                        return '0.0.1';","                    }","                });","        }","        // run the cli","        if (local.global.utility2_rollup || module !== require.main) {","            break;","        }","        local.assetsDict['/assets.example.js'] =","            local.assetsDict['/assets.example.js'] ||","            local.fs.readFileSync(__filename, 'utf8');","        // bug-workaround - long $npm_package_buildCustomOrg","        /* jslint-ignore-begin */","        local.assetsDict['/assets.npmtest_draft_js.rollup.js'] =","            local.assetsDict['/assets.npmtest_draft_js.rollup.js'] ||","            local.fs.readFileSync(","                local.npmtest_draft_js.__dirname + '/lib.npmtest_draft_js.js',","                'utf8'","            ).replace((/^#!/), '//');","        /* jslint-ignore-end */","        local.assetsDict['/favicon.ico'] = local.assetsDict['/favicon.ico'] || '';","        // if $npm_config_timeout_exit exists,","        // then exit this process after $npm_config_timeout_exit ms","        if (Number(process.env.npm_config_timeout_exit)) {","            setTimeout(process.exit, Number(process.env.npm_config_timeout_exit));","        }","        // start server","        if (local.global.utility2_serverHttp1) {","            break;","        }","        process.env.PORT = process.env.PORT || '8081';","        console.error('server starting on port ' + process.env.PORT);","        local.http.createServer(function (request, response) {","            request.urlParsed = local.url.parse(request.url);","            if (local.assetsDict[request.urlParsed.pathname] !== undefined) {","                response.end(local.assetsDict[request.urlParsed.pathname]);","                return;","            }","            response.statusCode = 404;","            response.end();","        }).listen(process.env.PORT);","        break;","    }","}());",""],"l":{"26":2,"28":2,"33":2,"35":2,"37":2,"38":2,"39":2,"44":1,"51":2,"55":2,"59":2,"61":2,"69":1,"70":2,"76":2,"79":2,"82":2,"83":2,"85":1,"89":2,"92":1,"93":1,"94":1,"96":1,"97":1,"100":1,"101":1,"103":1,"106":1,"108":2,"114":1,"116":1,"118":1,"123":1,"124":2,"125":2,"126":3,"127":3,"128":3,"129":3,"130":1,"133":3,"134":3,"139":3,"143":1,"144":3,"145":1,"149":1,"150":1,"158":1,"160":1,"161":1,"162":1,"164":1,"166":1,"258":1,"259":1,"271":1,"274":6,"275":6,"277":1,"279":2,"281":1,"283":2,"288":1,"289":1,"291":1,"296":1,"303":1,"306":1,"307":1,"310":1,"311":1,"313":1,"314":1,"315":1,"316":1,"317":1,"318":1,"319":1,"321":1,"322":1,"324":1}},"/home/travis/build/npmtest/node-npmtest-draft-js/node_modules/draft-js/lib/Draft.js":{"path":"/home/travis/build/npmtest/node-npmtest-draft-js/node_modules/draft-js/lib/Draft.js","s":{"1":1,"2":1,"3":1,"4":1,"5":1,"6":1,"7":1,"8":1,"9":1,"10":1,"11":1,"12":1,"13":1,"14":1,"15":1,"16":1,"17":1,"18":1,"19":1,"20":1,"21":1,"22":1,"23":1,"24":1,"25":1},"b":{},"f":{},"fnMap":{},"statementMap":{"1":{"start":{"line":14,"column":0},"end":{"line":14,"column":53}},"2":{"start":{"line":15,"column":0},"end":{"line":15,"column":51}},"3":{"start":{"line":16,"column":0},"end":{"line":16,"column":55}},"4":{"start":{"line":17,"column":0},"end":{"line":17,"column":67}},"5":{"start":{"line":18,"column":0},"end":{"line":18,"column":45}},"6":{"start":{"line":19,"column":0},"end":{"line":19,"column":45}},"7":{"start":{"line":20,"column":0},"end":{"line":20,"column":73}},"8":{"start":{"line":21,"column":0},"end":{"line":21,"column":67}},"9":{"start":{"line":22,"column":0},"end":{"line":22,"column":49}},"10":{"start":{"line":23,"column":0},"end":{"line":23,"column":59}},"11":{"start":{"line":24,"column":0},"end":{"line":24,"column":43}},"12":{"start":{"line":25,"column":0},"end":{"line":25,"column":47}},"13":{"start":{"line":26,"column":0},"end":{"line":26,"column":59}},"14":{"start":{"line":27,"column":0},"end":{"line":27,"column":43}},"15":{"start":{"line":28,"column":0},"end":{"line":28,"column":49}},"16":{"start":{"line":29,"column":0},"end":{"line":29,"column":57}},"17":{"start":{"line":30,"column":0},"end":{"line":30,"column":49}},"18":{"start":{"line":32,"column":0},"end":{"line":32,"column":73}},"19":{"start":{"line":33,"column":0},"end":{"line":33,"column":81}},"20":{"start":{"line":34,"column":0},"end":{"line":34,"column":73}},"21":{"start":{"line":35,"column":0},"end":{"line":35,"column":55}},"22":{"start":{"line":36,"column":0},"end":{"line":36,"column":61}},"23":{"start":{"line":37,"column":0},"end":{"line":37,"column":67}},"24":{"start":{"line":39,"column":0},"end":{"line":68,"column":2}},"25":{"start":{"line":70,"column":0},"end":{"line":70,"column":29}}},"branchMap":{},"code":["/**"," * Copyright (c) 2013-present, Facebook, Inc."," * All rights reserved."," *"," * This source code is licensed under the BSD-style license found in the"," * LICENSE file in the root directory of this source tree. An additional grant"," * of patent rights can be found in the PATENTS file in the same directory."," *"," * @providesModule Draft"," */","","'use strict';","","var AtomicBlockUtils = require('./AtomicBlockUtils');","var BlockMapBuilder = require('./BlockMapBuilder');","var CharacterMetadata = require('./CharacterMetadata');","var CompositeDraftDecorator = require('./CompositeDraftDecorator');","var ContentBlock = require('./ContentBlock');","var ContentState = require('./ContentState');","var DefaultDraftBlockRenderMap = require('./DefaultDraftBlockRenderMap');","var DefaultDraftInlineStyle = require('./DefaultDraftInlineStyle');","var DraftEditor = require('./DraftEditor.react');","var DraftEditorBlock = require('./DraftEditorBlock.react');","var DraftEntity = require('./DraftEntity');","var DraftModifier = require('./DraftModifier');","var DraftEntityInstance = require('./DraftEntityInstance');","var EditorState = require('./EditorState');","var KeyBindingUtil = require('./KeyBindingUtil');","var RichTextEditorUtil = require('./RichTextEditorUtil');","var SelectionState = require('./SelectionState');","","var convertFromDraftStateToRaw = require('./convertFromDraftStateToRaw');","var convertFromHTMLToContentBlocks = require('./convertFromHTMLToContentBlocks');","var convertFromRawToDraftState = require('./convertFromRawToDraftState');","var generateRandomKey = require('./generateRandomKey');","var getDefaultKeyBinding = require('./getDefaultKeyBinding');","var getVisibleSelectionRect = require('./getVisibleSelectionRect');","","var DraftPublic = {","  Editor: DraftEditor,","  EditorBlock: DraftEditorBlock,","  EditorState: EditorState,","","  CompositeDecorator: CompositeDraftDecorator,","  Entity: DraftEntity,","  EntityInstance: DraftEntityInstance,","","  BlockMapBuilder: BlockMapBuilder,","  CharacterMetadata: CharacterMetadata,","  ContentBlock: ContentBlock,","  ContentState: ContentState,","  SelectionState: SelectionState,","","  AtomicBlockUtils: AtomicBlockUtils,","  KeyBindingUtil: KeyBindingUtil,","  Modifier: DraftModifier,","  RichUtils: RichTextEditorUtil,","","  DefaultDraftBlockRenderMap: DefaultDraftBlockRenderMap,","  DefaultDraftInlineStyle: DefaultDraftInlineStyle,","","  convertFromHTML: convertFromHTMLToContentBlocks,","  convertFromRaw: convertFromRawToDraftState,","  convertToRaw: convertFromDraftStateToRaw,","  genKey: generateRandomKey,","  getDefaultKeyBinding: getDefaultKeyBinding,","  getVisibleSelectionRect: getVisibleSelectionRect","};","","module.exports = DraftPublic;"],"l":{"14":1,"15":1,"16":1,"17":1,"18":1,"19":1,"20":1,"21":1,"22":1,"23":1,"24":1,"25":1,"26":1,"27":1,"28":1,"29":1,"30":1,"32":1,"33":1,"34":1,"35":1,"36":1,"37":1,"39":1,"70":1}},"/home/travis/build/npmtest/node-npmtest-draft-js/node_modules/draft-js/lib/AtomicBlockUtils.js":{"path":"/home/travis/build/npmtest/node-npmtest-draft-js/node_modules/draft-js/lib/AtomicBlockUtils.js","s":{"1":1,"2":1,"3":1,"4":1,"5":1,"6":1,"7":1,"8":1,"9":1,"10":1,"11":0,"12":0,"13":0,"14":0,"15":0,"16":0,"17":0,"18":0,"19":0,"20":0,"21":0,"22":0,"23":0,"24":1},"b":{},"f":{"1":0},"fnMap":{"1":{"name":"insertAtomicBlock","line":30,"loc":{"start":{"line":30,"column":21},"end":{"line":30,"column":83}}}},"statementMap":{"1":{"start":{"line":16,"column":0},"end":{"line":16,"column":51}},"2":{"start":{"line":17,"column":0},"end":{"line":17,"column":55}},"3":{"start":{"line":18,"column":0},"end":{"line":18,"column":45}},"4":{"start":{"line":19,"column":0},"end":{"line":19,"column":47}},"5":{"start":{"line":20,"column":0},"end":{"line":20,"column":43}},"6":{"start":{"line":21,"column":0},"end":{"line":21,"column":37}},"7":{"start":{"line":23,"column":0},"end":{"line":23,"column":55}},"8":{"start":{"line":25,"column":0},"end":{"line":25,"column":26}},"9":{"start":{"line":26,"column":0},"end":{"line":26,"column":30}},"10":{"start":{"line":29,"column":0},"end":{"line":67,"column":2}},"11":{"start":{"line":31,"column":4},"end":{"line":31,"column":55}},"12":{"start":{"line":32,"column":4},"end":{"line":32,"column":52}},"13":{"start":{"line":34,"column":4},"end":{"line":34,"column":91}},"14":{"start":{"line":36,"column":4},"end":{"line":36,"column":59}},"15":{"start":{"line":37,"column":4},"end":{"line":37,"column":77}},"16":{"start":{"line":38,"column":4},"end":{"line":38,"column":57}},"17":{"start":{"line":40,"column":4},"end":{"line":40,"column":90}},"18":{"start":{"line":42,"column":4},"end":{"line":42,"column":67}},"19":{"start":{"line":44,"column":4},"end":{"line":54,"column":8}},"20":{"start":{"line":56,"column":4},"end":{"line":56,"column":66}},"21":{"start":{"line":58,"column":4},"end":{"line":58,"column":102}},"22":{"start":{"line":60,"column":4},"end":{"line":63,"column":7}},"23":{"start":{"line":65,"column":4},"end":{"line":65,"column":72}},"24":{"start":{"line":69,"column":0},"end":{"line":69,"column":34}}},"branchMap":{},"code":["/**"," * Copyright (c) 2013-present, Facebook, Inc."," * All rights reserved."," *"," * This source code is licensed under the BSD-style license found in the"," * LICENSE file in the root directory of this source tree. An additional grant"," * of patent rights can be found in the PATENTS file in the same directory."," *"," * @providesModule AtomicBlockUtils"," * @typechecks"," * "," */","","'use strict';","","var BlockMapBuilder = require('./BlockMapBuilder');","var CharacterMetadata = require('./CharacterMetadata');","var ContentBlock = require('./ContentBlock');","var DraftModifier = require('./DraftModifier');","var EditorState = require('./EditorState');","var Immutable = require('immutable');","","var generateRandomKey = require('./generateRandomKey');","","var List = Immutable.List;","var Repeat = Immutable.Repeat;","","","var AtomicBlockUtils = {","  insertAtomicBlock: function insertAtomicBlock(editorState, entityKey, character) {","    var contentState = editorState.getCurrentContent();","    var selectionState = editorState.getSelection();","","    var afterRemoval = DraftModifier.removeRange(contentState, selectionState, 'backward');","","    var targetSelection = afterRemoval.getSelectionAfter();","    var afterSplit = DraftModifier.splitBlock(afterRemoval, targetSelection);","    var insertionTarget = afterSplit.getSelectionAfter();","","    var asAtomicBlock = DraftModifier.setBlockType(afterSplit, insertionTarget, 'atomic');","","    var charData = CharacterMetadata.create({ entity: entityKey });","","    var fragmentArray = [new ContentBlock({","      key: generateRandomKey(),","      type: 'atomic',","      text: character,","      characterList: List(Repeat(charData, character.length))","    }), new ContentBlock({","      key: generateRandomKey(),","      type: 'unstyled',","      text: '',","      characterList: List()","    })];","","    var fragment = BlockMapBuilder.createFromArray(fragmentArray);","","    var withAtomicBlock = DraftModifier.replaceWithFragment(asAtomicBlock, insertionTarget, fragment);","","    var newContent = withAtomicBlock.merge({","      selectionBefore: selectionState,","      selectionAfter: withAtomicBlock.getSelectionAfter().set('hasFocus', true)","    });","","    return EditorState.push(editorState, newContent, 'insert-fragment');","  }","};","","module.exports = AtomicBlockUtils;"],"l":{"16":1,"17":1,"18":1,"19":1,"20":1,"21":1,"23":1,"25":1,"26":1,"29":1,"31":0,"32":0,"34":0,"36":0,"37":0,"38":0,"40":0,"42":0,"44":0,"56":0,"58":0,"60":0,"65":0,"69":1}},"/home/travis/build/npmtest/node-npmtest-draft-js/node_modules/draft-js/lib/BlockMapBuilder.js":{"path":"/home/travis/build/npmtest/node-npmtest-draft-js/node_modules/draft-js/lib/BlockMapBuilder.js","s":{"1":1,"2":1,"3":1,"4":1,"5":3,"6":1},"b":{},"f":{"1":1,"2":3},"fnMap":{"1":{"name":"createFromArray","line":21,"loc":{"start":{"line":21,"column":19},"end":{"line":21,"column":52}}},"2":{"name":"(anonymous_2)","line":22,"loc":{"start":{"line":22,"column":33},"end":{"line":22,"column":50}}}},"statementMap":{"1":{"start":{"line":15,"column":0},"end":{"line":15,"column":37}},"2":{"start":{"line":17,"column":0},"end":{"line":17,"column":38}},"3":{"start":{"line":20,"column":0},"end":{"line":26,"column":2}},"4":{"start":{"line":22,"column":4},"end":{"line":24,"column":8}},"5":{"start":{"line":23,"column":6},"end":{"line":23,"column":37}},"6":{"start":{"line":28,"column":0},"end":{"line":28,"column":33}}},"branchMap":{},"code":["/**"," * Copyright (c) 2013-present, Facebook, Inc."," * All rights reserved."," *"," * This source code is licensed under the BSD-style license found in the"," * LICENSE file in the root directory of this source tree. An additional grant"," * of patent rights can be found in the PATENTS file in the same directory."," *"," * @providesModule BlockMapBuilder"," * "," */","","'use strict';","","var Immutable = require('immutable');","","var OrderedMap = Immutable.OrderedMap;","","","var BlockMapBuilder = {","  createFromArray: function createFromArray(blocks) {","    return OrderedMap(blocks.map(function (block) {","      return [block.getKey(), block];","    }));","  }","};","","module.exports = BlockMapBuilder;"],"l":{"15":1,"17":1,"20":1,"22":1,"23":3,"28":1}},"/home/travis/build/npmtest/node-npmtest-draft-js/node_modules/draft-js/lib/CharacterMetadata.js":{"path":"/home/travis/build/npmtest/node-npmtest-draft-js/node_modules/draft-js/lib/CharacterMetadata.js","s":{"1":1,"2":3,"3":0,"4":1,"5":3,"6":0,"7":3,"8":1,"9":1,"10":0,"11":1,"12":1,"13":1,"14":1,"15":1,"16":1,"17":1,"18":1,"19":1,"20":1,"21":1,"22":1,"23":1,"24":3,"25":3,"26":1,"27":17,"28":1,"29":0,"30":1,"31":0,"32":1,"33":0,"34":0,"35":1,"36":0,"37":0,"38":1,"39":0,"40":0,"41":1,"42":2,"43":0,"44":2,"45":2,"46":2,"47":2,"48":0,"49":2,"50":2,"51":2,"52":1,"53":1,"54":1,"55":1,"56":1},"b":{"1":[0,3],"2":[0,3],"3":[0,3],"4":[3,0,0],"5":[0,1],"6":[1,0],"7":[1,1],"8":[1,0],"9":[1,0],"10":[0,0],"11":[0,2],"12":[0,2]},"f":{"1":3,"2":3,"3":1,"4":1,"5":3,"6":17,"7":0,"8":0,"9":0,"10":0,"11":0,"12":2},"fnMap":{"1":{"name":"_classCallCheck","line":16,"loc":{"start":{"line":16,"column":0},"end":{"line":16,"column":48}}},"2":{"name":"_possibleConstructorReturn","line":18,"loc":{"start":{"line":18,"column":0},"end":{"line":18,"column":48}}},"3":{"name":"_inherits","line":20,"loc":{"start":{"line":20,"column":0},"end":{"line":20,"column":41}}},"4":{"name":"(anonymous_4)","line":40,"loc":{"start":{"line":40,"column":24},"end":{"line":40,"column":57}}},"5":{"name":"CharacterMetadata","line":43,"loc":{"start":{"line":43,"column":2},"end":{"line":43,"column":31}}},"6":{"name":"getStyle","line":49,"loc":{"start":{"line":49,"column":41},"end":{"line":49,"column":61}}},"7":{"name":"getEntity","line":53,"loc":{"start":{"line":53,"column":42},"end":{"line":53,"column":63}}},"8":{"name":"hasStyle","line":57,"loc":{"start":{"line":57,"column":41},"end":{"line":57,"column":66}}},"9":{"name":"applyStyle","line":61,"loc":{"start":{"line":61,"column":33},"end":{"line":61,"column":68}}},"10":{"name":"removeStyle","line":66,"loc":{"start":{"line":66,"column":34},"end":{"line":66,"column":70}}},"11":{"name":"applyEntity","line":71,"loc":{"start":{"line":71,"column":34},"end":{"line":71,"column":74}}},"12":{"name":"create","line":84,"loc":{"start":{"line":84,"column":29},"end":{"line":84,"column":53}}}},"statementMap":{"1":{"start":{"line":16,"column":0},"end":{"line":16,"column":153}},"2":{"start":{"line":16,"column":50},"end":{"line":16,"column":151}},"3":{"start":{"line":16,"column":92},"end":{"line":16,"column":149}},"4":{"start":{"line":18,"column":0},"end":{"line":18,"column":240}},"5":{"start":{"line":18,"column":50},"end":{"line":18,"column":151}},"6":{"start":{"line":18,"column":63},"end":{"line":18,"column":149}},"7":{"start":{"line":18,"column":152},"end":{"line":18,"column":238}},"8":{"start":{"line":20,"column":0},"end":{"line":20,"column":494}},"9":{"start":{"line":20,"column":43},"end":{"line":20,"column":208}},"10":{"start":{"line":20,"column":106},"end":{"line":20,"column":206}},"11":{"start":{"line":20,"column":209},"end":{"line":20,"column":373}},"12":{"start":{"line":20,"column":374},"end":{"line":20,"column":492}},"13":{"start":{"line":20,"column":390},"end":{"line":20,"column":492}},"14":{"start":{"line":22,"column":0},"end":{"line":22,"column":36}},"15":{"start":{"line":24,"column":0},"end":{"line":24,"column":23}},"16":{"start":{"line":25,"column":0},"end":{"line":25,"column":37}},"17":{"start":{"line":26,"column":0},"end":{"line":26,"column":29}},"18":{"start":{"line":31,"column":0},"end":{"line":31,"column":29}},"19":{"start":{"line":33,"column":0},"end":{"line":36,"column":2}},"20":{"start":{"line":38,"column":0},"end":{"line":38,"column":52}},"21":{"start":{"line":40,"column":0},"end":{"line":105,"column":27}},"22":{"start":{"line":41,"column":2},"end":{"line":41,"column":54}},"23":{"start":{"line":43,"column":2},"end":{"line":47,"column":3}},"24":{"start":{"line":44,"column":4},"end":{"line":44,"column":45}},"25":{"start":{"line":46,"column":4},"end":{"line":46,"column":90}},"26":{"start":{"line":49,"column":2},"end":{"line":51,"column":4}},"27":{"start":{"line":50,"column":4},"end":{"line":50,"column":29}},"28":{"start":{"line":53,"column":2},"end":{"line":55,"column":4}},"29":{"start":{"line":54,"column":4},"end":{"line":54,"column":30}},"30":{"start":{"line":57,"column":2},"end":{"line":59,"column":4}},"31":{"start":{"line":58,"column":4},"end":{"line":58,"column":38}},"32":{"start":{"line":61,"column":2},"end":{"line":64,"column":4}},"33":{"start":{"line":62,"column":4},"end":{"line":62,"column":70}},"34":{"start":{"line":63,"column":4},"end":{"line":63,"column":47}},"35":{"start":{"line":66,"column":2},"end":{"line":69,"column":4}},"36":{"start":{"line":67,"column":4},"end":{"line":67,"column":76}},"37":{"start":{"line":68,"column":4},"end":{"line":68,"column":50}},"38":{"start":{"line":71,"column":2},"end":{"line":74,"column":4}},"39":{"start":{"line":72,"column":4},"end":{"line":72,"column":97}},"40":{"start":{"line":73,"column":4},"end":{"line":73,"column":48}},"41":{"start":{"line":84,"column":2},"end":{"line":102,"column":4}},"42":{"start":{"line":85,"column":4},"end":{"line":87,"column":5}},"43":{"start":{"line":86,"column":6},"end":{"line":86,"column":19}},"44":{"start":{"line":89,"column":4},"end":{"line":89,"column":59}},"45":{"start":{"line":92,"column":4},"end":{"line":92,"column":53}},"46":{"start":{"line":94,"column":4},"end":{"line":94,"column":39}},"47":{"start":{"line":95,"column":4},"end":{"line":97,"column":5}},"48":{"start":{"line":96,"column":6},"end":{"line":96,"column":22}},"49":{"start":{"line":99,"column":4},"end":{"line":99,"column":56}},"50":{"start":{"line":100,"column":4},"end":{"line":100,"column":45}},"51":{"start":{"line":101,"column":4},"end":{"line":101,"column":24}},"52":{"start":{"line":104,"column":2},"end":{"line":104,"column":27}},"53":{"start":{"line":107,"column":0},"end":{"line":107,"column":36}},"54":{"start":{"line":108,"column":0},"end":{"line":108,"column":46}},"55":{"start":{"line":110,"column":0},"end":{"line":110,"column":32}},"56":{"start":{"line":112,"column":0},"end":{"line":112,"column":35}}},"branchMap":{"1":{"line":16,"type":"if","locations":[{"start":{"line":16,"column":50},"end":{"line":16,"column":50}},{"start":{"line":16,"column":50},"end":{"line":16,"column":50}}]},"2":{"line":18,"type":"if","locations":[{"start":{"line":18,"column":50},"end":{"line":18,"column":50}},{"start":{"line":18,"column":50},"end":{"line":18,"column":50}}]},"3":{"line":18,"type":"cond-expr","locations":[{"start":{"line":18,"column":226},"end":{"line":18,"column":230}},{"start":{"line":18,"column":233},"end":{"line":18,"column":237}}]},"4":{"line":18,"type":"binary-expr","locations":[{"start":{"line":18,"column":159},"end":{"line":18,"column":163}},{"start":{"line":18,"column":168},"end":{"line":18,"column":192}},{"start":{"line":18,"column":196},"end":{"line":18,"column":222}}]},"5":{"line":20,"type":"if","locations":[{"start":{"line":20,"column":43},"end":{"line":20,"column":43}},{"start":{"line":20,"column":43},"end":{"line":20,"column":43}}]},"6":{"line":20,"type":"binary-expr","locations":[{"start":{"line":20,"column":47},"end":{"line":20,"column":79}},{"start":{"line":20,"column":83},"end":{"line":20,"column":102}}]},"7":{"line":20,"type":"binary-expr","locations":[{"start":{"line":20,"column":244},"end":{"line":20,"column":254}},{"start":{"line":20,"column":258},"end":{"line":20,"column":278}}]},"8":{"line":20,"type":"if","locations":[{"start":{"line":20,"column":374},"end":{"line":20,"column":374}},{"start":{"line":20,"column":374},"end":{"line":20,"column":374}}]},"9":{"line":20,"type":"cond-expr","locations":[{"start":{"line":20,"column":414},"end":{"line":20,"column":457}},{"start":{"line":20,"column":460},"end":{"line":20,"column":491}}]},"10":{"line":72,"type":"cond-expr","locations":[{"start":{"line":72,"column":56},"end":{"line":72,"column":62}},{"start":{"line":72,"column":65},"end":{"line":72,"column":96}}]},"11":{"line":85,"type":"if","locations":[{"start":{"line":85,"column":4},"end":{"line":85,"column":4}},{"start":{"line":85,"column":4},"end":{"line":85,"column":4}}]},"12":{"line":95,"type":"if","locations":[{"start":{"line":95,"column":4},"end":{"line":95,"column":4}},{"start":{"line":95,"column":4},"end":{"line":95,"column":4}}]}},"code":["/**"," * Copyright (c) 2013-present, Facebook, Inc."," * All rights reserved."," *"," * This source code is licensed under the BSD-style license found in the"," * LICENSE file in the root directory of this source tree. An additional grant"," * of patent rights can be found in the PATENTS file in the same directory."," *"," * @providesModule CharacterMetadata"," * @typechecks"," * "," */","","'use strict';","","function _classCallCheck(instance, Constructor) { if (!(instance instanceof Constructor)) { throw new TypeError(\"Cannot call a class as a function\"); } }","","function _possibleConstructorReturn(self, call) { if (!self) { throw new ReferenceError(\"this hasn't been initialised - super() hasn't been called\"); } return call && (typeof call === \"object\" || typeof call === \"function\") ? call : self; }","","function _inherits(subClass, superClass) { if (typeof superClass !== \"function\" && superClass !== null) { throw new TypeError(\"Super expression must either be null or a function, not \" + typeof superClass); } subClass.prototype = Object.create(superClass && superClass.prototype, { constructor: { value: subClass, enumerable: false, writable: true, configurable: true } }); if (superClass) Object.setPrototypeOf ? Object.setPrototypeOf(subClass, superClass) : subClass.__proto__ = superClass; }","","var _require = require('immutable');","","var Map = _require.Map;","var OrderedSet = _require.OrderedSet;","var Record = _require.Record;","","// Immutable.map is typed such that the value for every key in the map","// must be the same type","","var EMPTY_SET = OrderedSet();","","var defaultRecord = {","  style: EMPTY_SET,","  entity: null","};","","var CharacterMetadataRecord = Record(defaultRecord);","","var CharacterMetadata = function (_CharacterMetadataRec) {","  _inherits(CharacterMetadata, _CharacterMetadataRec);","","  function CharacterMetadata() {","    _classCallCheck(this, CharacterMetadata);","","    return _possibleConstructorReturn(this, _CharacterMetadataRec.apply(this, arguments));","  }","","  CharacterMetadata.prototype.getStyle = function getStyle() {","    return this.get('style');","  };","","  CharacterMetadata.prototype.getEntity = function getEntity() {","    return this.get('entity');","  };","","  CharacterMetadata.prototype.hasStyle = function hasStyle(style) {","    return this.getStyle().has(style);","  };","","  CharacterMetadata.applyStyle = function applyStyle(record, style) {","    var withStyle = record.set('style', record.getStyle().add(style));","    return CharacterMetadata.create(withStyle);","  };","","  CharacterMetadata.removeStyle = function removeStyle(record, style) {","    var withoutStyle = record.set('style', record.getStyle().remove(style));","    return CharacterMetadata.create(withoutStyle);","  };","","  CharacterMetadata.applyEntity = function applyEntity(record, entityKey) {","    var withEntity = record.getEntity() === entityKey ? record : record.set('entity', entityKey);","    return CharacterMetadata.create(withEntity);","  };","","  /**","   * Use this function instead of the `CharacterMetadata` constructor.","   * Since most content generally uses only a very small number of","   * style/entity permutations, we can reuse these objects as often as","   * possible.","   */","","","  CharacterMetadata.create = function create(config) {","    if (!config) {","      return EMPTY;","    }","","    var defaultConfig = { style: EMPTY_SET, entity: null };","","    // Fill in unspecified properties, if necessary.","    var configMap = Map(defaultConfig).merge(config);","","    var existing = pool.get(configMap);","    if (existing) {","      return existing;","    }","","    var newCharacter = new CharacterMetadata(configMap);","    pool = pool.set(configMap, newCharacter);","    return newCharacter;","  };","","  return CharacterMetadata;","}(CharacterMetadataRecord);","","var EMPTY = new CharacterMetadata();","var pool = Map([[Map(defaultRecord), EMPTY]]);","","CharacterMetadata.EMPTY = EMPTY;","","module.exports = CharacterMetadata;"],"l":{"16":3,"18":3,"20":1,"22":1,"24":1,"25":1,"26":1,"31":1,"33":1,"38":1,"40":1,"41":1,"43":1,"44":3,"46":3,"49":1,"50":17,"53":1,"54":0,"57":1,"58":0,"61":1,"62":0,"63":0,"66":1,"67":0,"68":0,"71":1,"72":0,"73":0,"84":1,"85":2,"86":0,"89":2,"92":2,"94":2,"95":2,"96":0,"99":2,"100":2,"101":2,"104":1,"107":1,"108":1,"110":1,"112":1}},"/home/travis/build/npmtest/node-npmtest-draft-js/node_modules/draft-js/lib/ContentBlock.js":{"path":"/home/travis/build/npmtest/node-npmtest-draft-js/node_modules/draft-js/lib/ContentBlock.js","s":{"1":1,"2":3,"3":0,"4":1,"5":3,"6":0,"7":3,"8":1,"9":1,"10":0,"11":1,"12":1,"13":1,"14":1,"15":1,"16":1,"17":1,"18":1,"19":1,"20":1,"21":1,"22":1,"23":1,"24":1,"25":1,"26":3,"27":3,"28":1,"29":4,"30":1,"31":0,"32":1,"33":6,"34":1,"35":3,"36":1,"37":3,"38":1,"39":0,"40":1,"41":0,"42":1,"43":0,"44":0,"45":1,"46":0,"47":0,"48":1,"49":0,"50":1,"51":0,"52":1,"53":1,"54":0,"55":1,"56":0,"57":1},"b":{"1":[0,3],"2":[0,3],"3":[0,3],"4":[3,0,0],"5":[0,1],"6":[1,0],"7":[1,1],"8":[1,0],"9":[1,0],"10":[0,0],"11":[0,0]},"f":{"1":3,"2":3,"3":1,"4":1,"5":3,"6":4,"7":0,"8":6,"9":3,"10":3,"11":0,"12":0,"13":0,"14":0,"15":0,"16":0,"17":0,"18":0},"fnMap":{"1":{"name":"_classCallCheck","line":15,"loc":{"start":{"line":15,"column":0},"end":{"line":15,"column":48}}},"2":{"name":"_possibleConstructorReturn","line":17,"loc":{"start":{"line":17,"column":0},"end":{"line":17,"column":48}}},"3":{"name":"_inherits","line":19,"loc":{"start":{"line":19,"column":0},"end":{"line":19,"column":41}}},"4":{"name":"(anonymous_4)","line":44,"loc":{"start":{"line":44,"column":19},"end":{"line":44,"column":50}}},"5":{"name":"ContentBlock","line":47,"loc":{"start":{"line":47,"column":2},"end":{"line":47,"column":26}}},"6":{"name":"getKey","line":53,"loc":{"start":{"line":53,"column":34},"end":{"line":53,"column":52}}},"7":{"name":"getType","line":57,"loc":{"start":{"line":57,"column":35},"end":{"line":57,"column":54}}},"8":{"name":"getText","line":61,"loc":{"start":{"line":61,"column":35},"end":{"line":61,"column":54}}},"9":{"name":"getCharacterList","line":65,"loc":{"start":{"line":65,"column":44},"end":{"line":65,"column":72}}},"10":{"name":"getLength","line":69,"loc":{"start":{"line":69,"column":37},"end":{"line":69,"column":58}}},"11":{"name":"getDepth","line":73,"loc":{"start":{"line":73,"column":36},"end":{"line":73,"column":56}}},"12":{"name":"getData","line":77,"loc":{"start":{"line":77,"column":35},"end":{"line":77,"column":54}}},"13":{"name":"getInlineStyleAt","line":81,"loc":{"start":{"line":81,"column":44},"end":{"line":81,"column":78}}},"14":{"name":"getEntityAt","line":86,"loc":{"start":{"line":86,"column":39},"end":{"line":86,"column":68}}},"15":{"name":"findStyleRanges","line":96,"loc":{"start":{"line":96,"column":43},"end":{"line":96,"column":88}}},"16":{"name":"findEntityRanges","line":105,"loc":{"start":{"line":105,"column":44},"end":{"line":105,"column":90}}},"17":{"name":"haveEqualStyle","line":112,"loc":{"start":{"line":112,"column":0},"end":{"line":112,"column":38}}},"18":{"name":"haveEqualEntity","line":116,"loc":{"start":{"line":116,"column":0},"end":{"line":116,"column":39}}}},"statementMap":{"1":{"start":{"line":15,"column":0},"end":{"line":15,"column":153}},"2":{"start":{"line":15,"column":50},"end":{"line":15,"column":151}},"3":{"start":{"line":15,"column":92},"end":{"line":15,"column":149}},"4":{"start":{"line":17,"column":0},"end":{"line":17,"column":240}},"5":{"start":{"line":17,"column":50},"end":{"line":17,"column":151}},"6":{"start":{"line":17,"column":63},"end":{"line":17,"column":149}},"7":{"start":{"line":17,"column":152},"end":{"line":17,"column":238}},"8":{"start":{"line":19,"column":0},"end":{"line":19,"column":494}},"9":{"start":{"line":19,"column":43},"end":{"line":19,"column":208}},"10":{"start":{"line":19,"column":106},"end":{"line":19,"column":206}},"11":{"start":{"line":19,"column":209},"end":{"line":19,"column":373}},"12":{"start":{"line":19,"column":374},"end":{"line":19,"column":492}},"13":{"start":{"line":19,"column":390},"end":{"line":19,"column":492}},"14":{"start":{"line":21,"column":0},"end":{"line":21,"column":37}},"15":{"start":{"line":23,"column":0},"end":{"line":23,"column":59}},"16":{"start":{"line":25,"column":0},"end":{"line":25,"column":26}},"17":{"start":{"line":26,"column":0},"end":{"line":26,"column":24}},"18":{"start":{"line":27,"column":0},"end":{"line":27,"column":38}},"19":{"start":{"line":28,"column":0},"end":{"line":28,"column":30}},"20":{"start":{"line":31,"column":0},"end":{"line":31,"column":29}},"21":{"start":{"line":33,"column":0},"end":{"line":40,"column":2}},"22":{"start":{"line":42,"column":0},"end":{"line":42,"column":47}},"23":{"start":{"line":44,"column":0},"end":{"line":110,"column":22}},"24":{"start":{"line":45,"column":2},"end":{"line":45,"column":47}},"25":{"start":{"line":47,"column":2},"end":{"line":51,"column":3}},"26":{"start":{"line":48,"column":4},"end":{"line":48,"column":40}},"27":{"start":{"line":50,"column":4},"end":{"line":50,"column":88}},"28":{"start":{"line":53,"column":2},"end":{"line":55,"column":4}},"29":{"start":{"line":54,"column":4},"end":{"line":54,"column":27}},"30":{"start":{"line":57,"column":2},"end":{"line":59,"column":4}},"31":{"start":{"line":58,"column":4},"end":{"line":58,"column":28}},"32":{"start":{"line":61,"column":2},"end":{"line":63,"column":4}},"33":{"start":{"line":62,"column":4},"end":{"line":62,"column":28}},"34":{"start":{"line":65,"column":2},"end":{"line":67,"column":4}},"35":{"start":{"line":66,"column":4},"end":{"line":66,"column":37}},"36":{"start":{"line":69,"column":2},"end":{"line":71,"column":4}},"37":{"start":{"line":70,"column":4},"end":{"line":70,"column":33}},"38":{"start":{"line":73,"column":2},"end":{"line":75,"column":4}},"39":{"start":{"line":74,"column":4},"end":{"line":74,"column":29}},"40":{"start":{"line":77,"column":2},"end":{"line":79,"column":4}},"41":{"start":{"line":78,"column":4},"end":{"line":78,"column":28}},"42":{"start":{"line":81,"column":2},"end":{"line":84,"column":4}},"43":{"start":{"line":82,"column":4},"end":{"line":82,"column":56}},"44":{"start":{"line":83,"column":4},"end":{"line":83,"column":56}},"45":{"start":{"line":86,"column":2},"end":{"line":89,"column":4}},"46":{"start":{"line":87,"column":4},
[...]
," */","","'use strict';","","/**"," * A plain object representation of an inline style range."," */"],"l":{}},"/home/travis/build/npmtest/node-npmtest-draft-js/node_modules/draft-js/lib/RawDraftContentBlock.js":{"path":"/home/travis/build/npmtest/node-npmtest-draft-js/node_modules/draft-js/lib/RawDraftContentBlock.js","s":{},"b":{},"f":{},"fnMap":{},"statementMap":{},"branchMap":{},"code":["/**"," * Copyright (c) 2013-present, Facebook, Inc."," * All rights reserved."," *"," * This source code is licensed under the BSD-style license found in the"," * LICENSE file in the root directory of this source tree. An additional grant"," * of patent rights can be found in the PATENTS file in the same directory."," *"," * @providesModule RawDraftContentBlock"," * "," */","","'use strict';"],"l":{}},"/home/travis/build/npmtest/node-npmtest-draft-js/node_modules/draft-js/lib/RawDraftContentState.js":{"path":"/home/travis/build/npmtest/node-npmtest-draft-js/node_modules/draft-js/lib/RawDraftContentState.js","s":{},"b":{},"f":{},"fnMap":{},"statementMap":{},"branchMap":{},"code":["/**"," * Copyright (c) 2013-present, Facebook, Inc."," * All rights reserved."," *"," * This source code is licensed under the BSD-style license found in the"," * LICENSE file in the root directory of this source tree. An additional grant"," * of patent rights can be found in the PATENTS file in the same directory."," *"," * @providesModule RawDraftContentState"," * "," */","","'use strict';"],"l":{}},"/home/travis/build/npmtest/node-npmtest-draft-js/node_modules/draft-js/lib/RawDraftEntity.js":{"path":"/home/travis/build/npmtest/node-npmtest-draft-js/node_modules/draft-js/lib/RawDraftEntity.js","s":{},"b":{},"f":{},"fnMap":{},"statementMap":{},"branchMap":{},"code":["/**"," * Copyright (c) 2013-present, Facebook, Inc."," * All rights reserved."," *"," * This source code is licensed under the BSD-style license found in the"," * LICENSE file in the root directory of this source tree. An additional grant"," * of patent rights can be found in the PATENTS file in the same directory."," *"," * @providesModule RawDraftEntity"," * "," */","","'use strict';"],"l":{}},"/home/travis/build/npmtest/node-npmtest-draft-js/node_modules/draft-js/lib/SampleDraftInlineStyle.js":{"path":"/home/travis/build/npmtest/node-npmtest-draft-js/node_modules/draft-js/lib/SampleDraftInlineStyle.js","s":{"1":1,"2":1,"3":1},"b":{},"f":{},"fnMap":{},"statementMap":{"1":{"start":{"line":15,"column":0},"end":{"line":15,"column":36}},"2":{"start":{"line":17,"column":0},"end":{"line":17,"column":37}},"3":{"start":{"line":20,"column":0},"end":{"line":31,"column":2}}},"branchMap":{},"code":["/**"," * Copyright (c) 2013-present, Facebook, Inc."," * All rights reserved."," *"," * This source code is licensed under the BSD-style license found in the"," * LICENSE file in the root directory of this source tree. An additional grant"," * of patent rights can be found in the PATENTS file in the same directory."," *"," * @providesModule SampleDraftInlineStyle"," * "," */","","'use strict';","","var _require = require('immutable');","","var OrderedSet = _require.OrderedSet;","","","module.exports = {","  BOLD: OrderedSet.of('BOLD'),","  BOLD_ITALIC: OrderedSet.of('BOLD', 'ITALIC'),","  BOLD_ITALIC_UNDERLINE: OrderedSet.of('BOLD', 'ITALIC', 'UNDERLINE'),","  BOLD_UNDERLINE: OrderedSet.of('BOLD', 'UNDERLINE'),","  CODE: OrderedSet.of('CODE'),","  ITALIC: OrderedSet.of('ITALIC'),","  ITALIC_UNDERLINE: OrderedSet.of('ITALIC', 'UNDERLINE'),","  NONE: OrderedSet(),","  STRIKETHROUGH: OrderedSet.of('STRIKETHROUGH'),","  UNDERLINE: OrderedSet.of('UNDERLINE')","};"],"l":{"15":1,"17":1,"20":1}},"/home/travis/build/npmtest/node-npmtest-draft-js/node_modules/draft-js/lib/addEntityToContentState.js":{"path":"/home/travis/build/npmtest/node-npmtest-draft-js/node_modules/draft-js/lib/addEntityToContentState.js","s":{"1":1,"2":1,"3":0,"4":1},"b":{},"f":{"1":0},"fnMap":{"1":{"name":"addEntityToContentState","line":18,"loc":{"start":{"line":18,"column":0},"end":{"line":18,"column":57}}}},"statementMap":{"1":{"start":{"line":16,"column":0},"end":{"line":16,"column":61}},"2":{"start":{"line":18,"column":0},"end":{"line":20,"column":1}},"3":{"start":{"line":19,"column":2},"end":{"line":19,"column":100}},"4":{"start":{"line":22,"column":0},"end":{"line":22,"column":41}}},"branchMap":{},"code":["/**"," * Copyright (c) 2013-present, Facebook, Inc."," * All rights reserved."," *"," * This source code is licensed under the BSD-style license found in the"," * LICENSE file in the root directory of this source tree. An additional grant"," * of patent rights can be found in the PATENTS file in the same directory."," *"," * @providesModule addEntityToContentState"," * @typechecks"," * "," */","","'use strict';","","var addEntityToEntityMap = require('./addEntityToEntityMap');","","function addEntityToContentState(contentState, instance) {","  return contentState.set('entityMap', addEntityToEntityMap(contentState.getEntityMap(), instance));","}","","module.exports = addEntityToContentState;"],"l":{"16":1,"18":1,"19":0,"22":1}},"/home/travis/build/npmtest/node-npmtest-draft-js/node_modules/draft-js/lib/addEntityToEntityMap.js":{"path":"/home/travis/build/npmtest/node-npmtest-draft-js/node_modules/draft-js/lib/addEntityToEntityMap.js","s":{"1":1,"2":1,"3":0,"4":1},"b":{},"f":{"1":0},"fnMap":{"1":{"name":"addEntityToEntityMap","line":21,"loc":{"start":{"line":21,"column":0},"end":{"line":21,"column":51}}}},"statementMap":{"1":{"start":{"line":19,"column":0},"end":{"line":19,"column":12}},"2":{"start":{"line":21,"column":0},"end":{"line":23,"column":1}},"3":{"start":{"line":22,"column":2},"end":{"line":22,"column":45}},"4":{"start":{"line":25,"column":0},"end":{"line":25,"column":38}}},"branchMap":{},"code":["/**"," * Copyright (c) 2013-present, Facebook, Inc."," * All rights reserved."," *"," * This source code is licensed under the BSD-style license found in the"," * LICENSE file in the root directory of this source tree. An additional grant"," * of patent rights can be found in the PATENTS file in the same directory."," *"," * @providesModule addEntityToEntityMap"," * @typechecks"," * "," */","","'use strict';","","// TODO: when removing the deprecated API update this to use the EntityMap type","// instead of OrderedMap","","var key = 0;","","function addEntityToEntityMap(entityMap, instance) {","  return entityMap.set('' + ++key, instance);","}","","module.exports = addEntityToEntityMap;"],"l":{"19":1,"21":1,"22":0,"25":1}},"/home/travis/build/npmtest/node-npmtest-draft-js/node_modules/draft-js/lib/createEntityInContentState.js":{"path":"/home/travis/build/npmtest/node-npmtest-draft-js/node_modules/draft-js/lib/createEntityInContentState.js","s":{"1":1,"2":1,"3":1,"4":0,"5":1},"b":{"1":[0,0]},"f":{"1":0},"fnMap":{"1":{"name":"createEntityInContentState","line":20,"loc":{"start":{"line":20,"column":0},"end":{"line":20,"column":74}}}},"statementMap":{"1":{"start":{"line":16,"column":0},"end":{"line":16,"column":59}},"2":{"start":{"line":18,"column":0},"end":{"line":18,"column":67}},"3":{"start":{"line":20,"column":0},"end":{"line":22,"column":1}},"4":{"start":{"line":21,"column":2},"end":{"line":21,"column":130}},"5":{"start":{"line":24,"column":0},"end":{"line":24,"column":44}}},"branchMap":{"1":{"line":21,"type":"binary-expr","locations":[{"start":{"line":21,"column":115},"end":{"line":21,"column":119}},{"start":{"line":21,"column":123},"end":{"line":21,"column":125}}]}},"code":["/**"," * Copyright (c) 2013-present, Facebook, Inc."," * All rights reserved."," *"," * This source code is licensed under the BSD-style license found in the"," * LICENSE file in the root directory of this source tree. An additional grant"," * of patent rights can be found in the PATENTS file in the same directory."," *"," * @providesModule createEntityInContentState"," * @typechecks"," * "," */","","'use strict';","","var DraftEntityInstance = require('./DraftEntityInstance');","","var addEntityToContentState = require('./addEntityToContentState');","","function createEntityInContentState(contentState, type, mutability, data) {","  return addEntityToContentState(contentState, new DraftEntityInstance({ type: type, mutability: mutability, data: data || {} }));","}","","module.exports = createEntityInContentState;"],"l":{"16":1,"18":1,"20":1,"21":0,"24":1}},"/home/travis/build/npmtest/node-npmtest-draft-js/node_modules/draft-js/lib/getSampleStateForTesting.js":{"path":"/home/travis/build/npmtest/node-npmtest-draft-js/node_modules/draft-js/lib/getSampleStateForTesting.js","s":{"1":1,"2":1,"3":1,"4":1,"5":1,"6":1,"7":1,"8":1,"9":1,"10":1,"11":1,"12":1,"13":1,"14":1,"15":1,"16":1,"17":1,"18":1,"19":0,"20":1},"b":{},"f":{"1":0},"fnMap":{"1":{"name":"getSampleStateForTesting","line":67,"loc":{"start":{"line":67,"column":0},"end":{"line":67,"column":36}}}},"statementMap":{"1":{"start":{"line":16,"column":0},"end":{"line":16,"column":51}},"2":{"start":{"line":17,"column":0},"end":{"line":17,"column":55}},"3":{"start":{"line":18,"column":0},"end":{"line":18,"column":45}},"4":{"start":{"line":19,"column":0},"end":{"line":19,"column":45}},"5":{"start":{"line":20,"column":0},"end":{"line":20,"column":43}},"6":{"start":{"line":21,"column":0},"end":{"line":21,"column":37}},"7":{"start":{"line":22,"column":0},"end":{"line":22,"column":65}},"8":{"start":{"line":23,"column":0},"end":{"line":23,"column":49}},"9":{"start":{"line":25,"column":0},"end":{"line":25,"column":39}},"10":{"start":{"line":26,"column":0},"end":{"line":26,"column":43}},"11":{"start":{"line":28,"column":0},"end":{"line":28,"column":23}},"12":{"start":{"line":30,"column":0},"end":{"line":45,"column":4}},"13":{"start":{"line":47,"column":0},"end":{"line":54,"column":3}},"14":{"start":{"line":56,"column":0},"end":{"line":56,"column":55}},"15":{"start":{"line":57,"column":0},"end":{"line":62,"column":3}},"16":{"start":{"line":64,"column":0},"end":{"line":64,"column":62}},"17":{"start":{"line":65,"column":0},"end":{"line":65,"column":70}},"18":{"start":{"line":67,"column":0},"end":{"line":69,"column":1}},"19":{"start":{"line":68,"column":2},"end":{"line":68,"column":98}},"20":{"start":{"line":71,"column":0},"end":{"line":71,"column":42}}},"branchMap":{},"code":["/**"," * Copyright (c) 2013-present, Facebook, Inc."," * All rights reserved."," *"," * This source code is licensed under the BSD-style license found in the"," * LICENSE file in the root directory of this source tree. An additional grant"," * of patent rights can be found in the PATENTS file in the same directory."," *"," * @providesModule getSampleStateForTesting"," * @typechecks"," * "," */","","'use strict';","","var BlockMapBuilder = require('./BlockMapBuilder');","var CharacterMetadata = require('./CharacterMetadata');","var ContentBlock = require('./ContentBlock');","var ContentState = require('./ContentState');","var EditorState = require('./EditorState');","var Immutable = require('immutable');","var SampleDraftInlineStyle = require('./SampleDraftInlineStyle');","var SelectionState = require('./SelectionState');","","var BOLD = SampleDraftInlineStyle.BOLD;","var ITALIC = SampleDraftInlineStyle.ITALIC;","","var ENTITY_KEY = '123';","","var BLOCKS = [new ContentBlock({","  key: 'a',","  type: 'unstyled',","  text: 'Alpha',","  characterList: Immutable.List(Immutable.Repeat(CharacterMetadata.EMPTY, 5))","}), new ContentBlock({","  key: 'b',","  type: 'unordered-list-item',","  text: 'Bravo',","  characterList: Immutable.List(Immutable.Repeat(CharacterMetadata.create({ style: BOLD, entity: ENTITY_KEY }), 5))","}), new ContentBlock({","  key: 'c',","  type: 'blockquote',","  text: 'Charlie',","  characterList: Immutable.List(Immutable.Repeat(CharacterMetadata.create({ style: ITALIC, entity: null }), 7))","})];","","var selectionState = new SelectionState({","  anchorKey: 'a',","  anchorOffset: 0,","  focusKey: 'a',","  focusOffset: 0,","  isBackward: false,","  hasFocus: true","});","","var blockMap = BlockMapBuilder.createFromArray(BLOCKS);","var contentState = new ContentState({","  blockMap: blockMap,","  entityMap: Immutable.OrderedMap(),","  selectionBefore: selectionState,","  selectionAfter: selectionState","});","","var editorState = EditorState.createWithContent(contentState);","editorState = EditorState.forceSelection(editorState, selectionState);","","function getSampleStateForTesting() {","  return { editorState: editorState, contentState: contentState, selectionState: selectionState };","}","","module.exports = getSampleStateForTesting;"],"l":{"16":1,"17":1,"18":1,"19":1,"20":1,"21":1,"22":1,"23":1,"25":1,"26":1,"28":1,"30":1,"47":1,"56":1,"57":1,"64":1,"65":1,"67":1,"68":0,"71":1}},"/home/travis/build/npmtest/node-npmtest-draft-js/node_modules/draft-js/lib/getTextAfterNearestEntity.js":{"path":"/home/travis/build/npmtest/node-npmtest-draft-js/node_modules/draft-js/lib/getTextAfterNearestEntity.js","s":{"1":1,"2":0,"3":0,"4":0,"5":0,"6":1},"b":{"1":[0,0]},"f":{"1":0},"fnMap":{"1":{"name":"getTextAfterNearestEntity","line":20,"loc":{"start":{"line":20,"column":0},"end":{"line":20,"column":50}}}},"statementMap":{"1":{"start":{"line":20,"column":0},"end":{"line":29,"column":1}},"2":{"start":{"line":21,"column":2},"end":{"line":21,"column":21}},"3":{"start":{"line":24,"column":2},"end":{"line":26,"column":3}},"4":{"start":{"line":25,"column":4},"end":{"line":25,"column":12}},"5":{"start":{"line":28,"column":2},"end":{"line":28,"column":46}},"6":{"start":{"line":31,"column":0},"end":{"line":31,"column":43}}},"branchMap":{"1":{"line":24,"type":"binary-expr","locations":[{"start":{"line":24,"column":9},"end":{"line":24,"column":18}},{"start":{"line":24,"column":22},"end":{"line":24,"column":59}}]}},"code":["/**"," * Copyright (c) 2013-present, Facebook, Inc."," * All rights reserved."," *"," * This source code is licensed under the BSD-style license found in the"," * LICENSE file in the root directory of this source tree. An additional grant"," * of patent rights can be found in the PATENTS file in the same directory."," *"," * @providesModule getTextAfterNearestEntity"," * @typechecks"," * "," */","","'use strict';","","/**"," * Find the string of text between the previous entity and the specified"," * offset. This allows us to narrow down search areas for regex matching."," */","function getTextAfterNearestEntity(block, offset) {","  var start = offset;","","  // Get start based on where the last entity ended.","  while (start > 0 && block.getEntityAt(start - 1) === null) {","    start--;","  }","","  return block.getText().slice(start, offset);","}","","module.exports = getTextAfterNearestEntity;"],"l":{"20":1,"21":0,"24":0,"25":0,"28":0,"31":1}},"/home/travis/build/npmtest/node-npmtest-draft-js/node_modules/draft-js/lib/isSoftNewlineEvent.js":{"path":"/home/travis/build/npmtest/node-npmtest-draft-js/node_modules/draft-js/lib/isSoftNewlineEvent.js","s":{"1":1,"2":1,"3":0,"4":1},"b":{"1":[0,0,0,0]},"f":{"1":0},"fnMap":{"1":{"name":"isSoftNewlineEvent","line":18,"loc":{"start":{"line":18,"column":0},"end":{"line":18,"column":31}}}},"statementMap":{"1":{"start":{"line":16,"column":0},"end":{"line":16,"column":36}},"2":{"start":{"line":18,"column":0},"end":{"line":20,"column":1}},"3":{"start":{"line":19,"column":2},"end":{"line":19,"column":128}},"4":{"start":{"line":22,"column":0},"end":{"line":22,"column":36}}},"branchMap":{"1":{"line":19,"type":"binary-expr","locations":[{"start":{"line":19,"column":9},"end":{"line":19,"column":32}},{"start":{"line":19,"column":37},"end":{"line":19,"column":64}},{"start":{"line":19,"column":68},"end":{"line":19,"column":93}},{"start":{"line":19,"column":97},"end":{"line":19,"column":126}}]}},"code":["/**"," * Copyright (c) 2013-present, Facebook, Inc."," * All rights reserved."," *"," * This source code is licensed under the BSD-style license found in the"," * LICENSE file in the root directory of this source tree. An additional grant"," * of patent rights can be found in the PATENTS file in the same directory."," *"," * @providesModule isSoftNewlineEvent"," * @typechecks"," * "," */","","'use strict';","","var Keys = require('fbjs/lib/Keys');","","function isSoftNewlineEvent(e) {","  return e.which === Keys.RETURN && (e.getModifierState('Shift') || e.getModifierState('Alt') || e.getModifierState('Control'));","}","","module.exports = isSoftNewlineEvent;"],"l":{"16":1,"18":1,"19":0,"22":1}},"/home/travis/build/npmtest/node-npmtest-draft-js/node_modules/draft-js/lib/updateEntityDataInContentState.js":{"path":"/home/travis/build/npmtest/node-npmtest-draft-js/node_modules/draft-js/lib/updateEntityDataInContentState.js","s":{"1":1,"2":1,"3":0,"4":0,"5":0,"6":0,"7":0,"8":0,"9":1,"10":0,"11":0,"12":0,"13":0,"14":0,"15":0,"16":1},"b":{"1":[1,0],"2":[0,0],"3":[0,0]},"f":{"1":0,"2":0},"fnMap":{"1":{"name":"(anonymous_1)","line":18,"loc":{"start":{"line":18,"column":26},"end":{"line":18,"column":44}}},"2":{"name":"updateEntityDataInContentState","line":20,"loc":{"start":{"line":20,"column":0},"end":{"line":20,"column":72}}}},"statementMap":{"1":{"start":{"line":16,"column":0},"end":{"line":16,"column":39}},"2":{"start":{"line":18,"column":0},"end":{"line":18,"column":251}},"3":{"start":{"line":18,"column":46},"end":{"line":18,"column":233}},"4":{"start":{"line":18,"column":91},"end":{"line":18,"column":117}},"5":{"start":{"line":18,"column":118},"end":{"line":18,"column":231}},"6":{"start":{"line":18,"column":144},"end":{"line":18,"column":229}},"7":{"start":{"line":18,"column":201},"end":{"line":18,"column":227}},"8":{"start":{"line":18,"column":234},"end":{"line":18,"column":248}},"9":{"start":{"line":20,"column":0},"end":{"line":28,"column":1}},"10":{"start":{"line":21,"column":2},"end":{"line":21,"column":45}},"11":{"start":{"line":22,"column":2},"end":{"line":22,"column":38}},"12":{"start":{"line":23,"column":2},"end":{"line":23,"column":62}},"13":{"start":{"line":25,"column":2},"end":{"line":25,"column":50}},"14":{"start":{"line":26,"column":2},"end":{"line":26,"column":71}},"15":{"start":{"line":27,"column":2},"end":{"line":27,"column":53}},"16":{"start":{"line":30,"column":0},"end":{"line":30,"column":48}}},"branchMap":{"1":{"line":18,"type":"binary-expr","locations":[{"start":{"line":18,"column":15},"end":{"line":18,"column":22}},{"start":{"line":18,"column":26},"end":{"line":18,"column":250}}]},"2":{"line":18,"type":"if","locations":[{"start":{"line":18,"column":144},"end":{"line":18,"column":144}},{"start":{"line":18,"column":144},"end":{"line":18,"column":144}}]},"3":{"line":23,"type":"cond-expr","locations":[{"start":{"line":23,"column":24},"end":{"line":23,"column":54}},{"start":{"line":23,"column":57},"end":{"line":23,"column":61}}]}},"code":["/**"," * Copyright (c) 2013-present, Facebook, Inc."," * All rights reserved."," *"," * This source code is licensed under the BSD-style license found in the"," * LICENSE file in the root directory of this source tree. An additional grant"," * of patent rights can be found in the PATENTS file in the same directory."," *"," * @providesModule updateEntityDataInContentState"," * @typechecks"," * "," */","","'use strict';","","var _assign = require('object-assign');","","var _extends = _assign || function (target) { for (var i = 1; i < arguments.length; i++) { var source = arguments[i]; for (var key in source) { if (Object.prototype.hasOwnProperty.call(source, key)) { target[key] = source[key]; } } } return target; };","","function updateEntityDataInContentState(contentState, key, data, merge) {","  var instance = contentState.getEntity(key);","  var entityData = instance.getData();","  var newData = merge ? _extends({}, entityData, data) : data;","","  var newInstance = instance.set('data', newData);","  var newEntityMap = contentState.getEntityMap().set(key, newInstance);","  return contentState.set('entityMap', newEntityMap);","}","","module.exports = updateEntityDataInContentState;"],"l":{"16":1,"18":1,"20":1,"21":0,"22":0,"23":0,"25":0,"26":0,"27":0,"30":1}}}